<?xml version="1.0" encoding="UTF-8"?>
<testsuite name="com.bridgelab.jubituservalidationtesting.JunitTestingUserRegistrationValidation" tests="1" skipped="0" failures="1" errors="0" timestamp="2021-07-12T20:47:57" hostname="NARUTO" time="0.206">
  <properties/>
  <testcase name="givenMobileNumber_whenNumberIsLessThanFixedLength_shouldReturnFalse()" classname="com.bridgelab.jubituservalidationtesting.JunitTestingUserRegistrationValidation" time="0.206">
    <failure message="java.lang.StackOverflowError" type="java.lang.StackOverflowError">java.lang.StackOverflowError
	at java.base/java.lang.StringUTF16.checkIndex(StringUTF16.java:1624)
	at java.base/java.lang.StringUTF16.charAt(StringUTF16.java:1421)
	at java.base/java.lang.String.charAt(String.java:713)
	at java.base/sun.nio.cs.SingleByte$Decoder.implReplaceWith(SingleByte.java:134)
	at java.base/java.nio.charset.CharsetDecoder.replaceWith(CharsetDecoder.java:302)
	at java.base/java.nio.charset.CharsetDecoder.&lt;init&gt;(CharsetDecoder.java:207)
	at java.base/java.nio.charset.CharsetDecoder.&lt;init&gt;(CharsetDecoder.java:233)
	at java.base/sun.nio.cs.SingleByte$Decoder.&lt;init&gt;(SingleByte.java:70)
	at java.base/sun.nio.cs.MS1252.newDecoder(MS1252.java:51)
	at org.gradle.internal.io.StreamByteBuffer.readAsCharBuffer(StreamByteBuffer.java:174)
	at org.gradle.internal.io.StreamByteBuffer.doReadAsString(StreamByteBuffer.java:168)
	at org.gradle.internal.io.StreamByteBuffer.readAsString(StreamByteBuffer.java:159)
	at org.gradle.internal.io.StreamByteBuffer.readAsString(StreamByteBuffer.java:154)
	at org.gradle.internal.io.LineBufferingOutputStream.flush(LineBufferingOutputStream.java:94)
	at org.gradle.internal.io.LineBufferingOutputStream.write(LineBufferingOutputStream.java:80)
	at java.base/java.io.OutputStream.write(OutputStream.java:162)
	at java.base/java.io.PrintStream.write(PrintStream.java:568)
	at java.base/sun.nio.cs.StreamEncoder.writeBytes(StreamEncoder.java:242)
	at java.base/sun.nio.cs.StreamEncoder.implFlushBuffer(StreamEncoder.java:321)
	at java.base/sun.nio.cs.StreamEncoder.flushBuffer(StreamEncoder.java:110)
	at java.base/java.io.OutputStreamWriter.flushBuffer(OutputStreamWriter.java:178)
	at java.base/java.io.PrintStream.write(PrintStream.java:699)
	at java.base/java.io.PrintStream.print(PrintStream.java:863)
	at org.gradle.internal.io.LinePerThreadBufferingOutputStream.print(LinePerThreadBufferingOutputStream.java:143)
	at com.bridgelab.junituservalidation.UserValidation.enterMobileNumber(UserValidation.java:126)
	at com.bridgelab.junituservalidation.UserValidation.enterMobileNumber(UserValidation.java:128)
	at com.bridgelab.junituservalidation.UserValidation.enterMobileNumber(UserValidation.java:128)
	at com.bridgelab.junituservalidation.UserValidation.enterMobileNumber(UserValidation.java:128)
	at com.bridgelab.junituservalidation.UserValidation.enterMobileNumber(UserValidation.java:128)
	at com.bridgelab.junituservalidation.UserValidation.enterMobileNumber(UserValidation.java:128)
	at com.bridgelab.junituservalidation.UserValidation.enterMobileNumber(UserValidation.java:128)
	at com.bridgelab.junituservalidation.UserValidation.enterMobileNumber(UserValidation.java:128)
	at com.bridgelab.junituservalidation.UserValidation.enterMobileNumber(UserValidation.java:128)
	at com.bridgelab.junituservalidation.UserValidation.enterMobileNumber(UserValidation.java:128)
	at com.bridgelab.junituservalidation.UserValidation.enterMobileNumber(UserValidation.java:128)
	at com.bridgelab.junituservalidation.UserValidation.enterMobileNumber(UserValidation.java:128)
	at com.bridgelab.junituservalidation.UserValidation.enterMobileNumber(UserValidation.java:128)
	at com.bridgelab.junituservalidation.UserValidation.enterMobileNumber(UserValidation.java:128)
	at com.bridgelab.junituservalidation.UserValidation.enterMobileNumber(UserValidation.java:128)
	at com.bridgelab.junituservalidation.UserValidation.enterMobileNumber(UserValidation.java:128)
	at com.bridgelab.junituservalidation.UserValidation.enterMobileNumber(UserValidation.java:128)
	at com.bridgelab.junituservalidation.UserValidation.enterMobileNumber(UserValidation.java:128)
	at com.bridgelab.junituservalidation.UserValidation.enterMobileNumber(UserValidation.java:128)
	at com.bridgelab.junituservalidation.UserValidation.enterMobileNumber(UserValidation.java:128)
	at com.bridgelab.junituservalidation.UserValidation.enterMobileNumber(UserValidation.java:128)
	at com.bridgelab.junituservalidation.UserValidation.enterMobileNumber(UserValidation.java:128)
	at com.bridgelab.junituservalidation.UserValidation.enterMobileNumber(UserValidation.java:128)
	at com.bridgelab.junituservalidation.UserValidation.enterMobileNumber(UserValidation.java:128)
	at com.bridgelab.junituservalidation.UserValidation.enterMobileNumber(UserValidation.java:128)
	at com.bridgelab.junituservalidation.UserValidation.enterMobileNumber(UserValidation.java:128)
	at com.bridgelab.junituservalidation.UserValidation.enterMobileNumber(UserValidation.java:128)
	at com.bridgelab.junituservalidation.UserValidation.enterMobileNumber(UserValidation.java:128)
	at com.bridgelab.junituservalidation.UserValidation.enterMobileNumber(UserValidation.java:128)
	at com.bridgelab.junituservalidation.UserValidation.enterMobileNumber(UserValidation.java:128)
	at com.bridgelab.junituservalidation.UserValidation.enterMobileNumber(UserValidation.java:128)
	at com.bridgelab.junituservalidation.UserValidation.enterMobileNumber(UserValidation.java:128)
	at com.bridgelab.junituservalidation.UserValidation.enterMobileNumber(UserValidation.java:128)
	at com.bridgelab.junituservalidation.UserValidation.enterMobileNumber(UserValidation.java:128)
	at com.bridgelab.junituservalidation.UserValidation.enterMobileNumber(UserValidation.java:128)
	at com.bridgelab.junituservalidation.UserValidation.enterMobileNumber(UserValidation.java:128)
	at com.bridgelab.junituservalidation.UserValidation.enterMobileNumber(UserValidation.java:128)
	at com.bridgelab.junituservalidation.UserValidation.enterMobileNumber(UserValidation.java:128)
	at com.bridgelab.junituservalidation.UserValidation.enterMobileNumber(UserValidation.java:128)
	at com.bridgelab.junituservalidation.UserValidation.enterMobileNumber(UserValidation.java:128)
	at com.bridgelab.junituservalidation.UserValidation.enterMobileNumber(UserValidation.java:128)
	at com.bridgelab.junituservalidation.UserValidation.enterMobileNumber(UserValidation.java:128)
	at com.bridgelab.junituservalidation.UserValidation.enterMobileNumber(UserValidation.java:128)
	at com.bridgelab.junituservalidation.UserValidation.enterMobileNumber(UserValidation.java:128)
	at com.bridgelab.junituservalidation.UserValidation.enterMobileNumber(UserValidation.java:128)
	at com.bridgelab.junituservalidation.UserValidation.enterMobileNumber(UserValidation.java:128)
	at com.bridgelab.junituservalidation.UserValidation.enterMobileNumber(UserValidation.java:128)
	at com.bridgelab.junituservalidation.UserValidation.enterMobileNumber(UserValidation.java:128)
	at com.bridgelab.junituservalidation.UserValidation.enterMobileNumber(UserValidation.java:128)
	at com.bridgelab.junituservalidation.UserValidation.enterMobileNumber(UserValidation.java:128)
	at com.bridgelab.junituservalidation.UserValidation.enterMobileNumber(UserValidation.java:128)
	at com.bridgelab.junituservalidation.UserValidation.enterMobileNumber(UserValidation.java:128)
	at com.bridgelab.junituservalidation.UserValidation.enterMobileNumber(UserValidation.java:128)
	at com.bridgelab.junituservalidation.UserValidation.enterMobileNumber(UserValidation.java:128)
	at com.bridgelab.junituservalidation.UserValidation.enterMobileNumber(UserValidation.java:128)
	at com.bridgelab.junituservalidation.UserValidation.enterMobileNumber(UserValidation.java:128)
	at com.bridgelab.junituservalidation.UserValidation.enterMobileNumber(UserValidation.java:128)
	at com.bridgelab.junituservalidation.UserValidation.enterMobileNumber(UserValidation.java:128)
	at com.bridgelab.junituservalidation.UserValidation.enterMobileNumber(UserValidation.java:128)
	at com.bridgelab.junituservalidation.UserValidation.enterMobileNumber(UserValidation.java:128)
	at com.bridgelab.junituservalidation.UserValidation.enterMobileNumber(UserValidation.java:128)
	at com.bridgelab.junituservalidation.UserValidation.enterMobileNumber(UserValidation.java:128)
	at com.bridgelab.junituservalidation.UserValidation.enterMobileNumber(UserValidation.java:128)
	at com.bridgelab.junituservalidation.UserValidation.enterMobileNumber(UserValidation.java:128)
	at com.bridgelab.junituservalidation.UserValidation.enterMobileNumber(UserValidation.java:128)
	at com.bridgelab.junituservalidation.UserValidation.enterMobileNumber(UserValidation.java:128)
	at com.bridgelab.junituservalidation.UserValidation.enterMobileNumber(UserValidation.java:128)
	at com.bridgelab.junituservalidation.UserValidation.enterMobileNumber(UserValidation.java:128)
	at com.bridgelab.junituservalidation.UserValidation.enterMobileNumber(UserValidation.java:128)
	at com.bridgelab.junituservalidation.UserValidation.enterMobileNumber(UserValidation.java:128)
	at com.bridgelab.junituservalidation.UserValidation.enterMobileNumber(UserValidation.java:128)
	at com.bridgelab.junituservalidation.UserValidation.enterMobileNumber(UserValidation.java:128)
	at com.bridgelab.junituservalidation.UserValidation.enterMobileNumber(UserValidation.java:128)
	at com.bridgelab.junituservalidation.UserValidation.enterMobileNumber(UserValidation.java:128)
	at com.bridgelab.junituservalidation.UserValidation.enterMobileNumber(UserValidation.java:128)
	at com.bridgelab.junituservalidation.UserValidation.enterMobileNumber(UserValidation.java:128)
	at com.bridgelab.junituservalidation.UserValidation.enterMobileNumber(UserValidation.java:128)
	at com.bridgelab.junituservalidation.UserValidation.enterMobileNumber(UserValidation.java:128)
	at com.bridgelab.junituservalidation.UserValidation.enterMobileNumber(UserValidation.java:128)
	at com.bridgelab.junituservalidation.UserValidation.enterMobileNumber(UserValidation.java:128)
	at com.bridgelab.junituservalidation.UserValidation.enterMobileNumber(UserValidation.java:128)
	at com.bridgelab.junituservalidation.UserValidation.enterMobileNumber(UserValidation.java:128)
	at com.bridgelab.junituservalidation.UserValidation.enterMobileNumber(UserValidation.java:128)
	at com.bridgelab.junituservalidation.UserValidation.enterMobileNumber(UserValidation.java:128)
	at com.bridgelab.junituservalidation.UserValidation.enterMobileNumber(UserValidation.java:128)
	at com.bridgelab.junituservalidation.UserValidation.enterMobileNumber(UserValidation.java:128)
	at com.bridgelab.junituservalidation.UserValidation.enterMobileNumber(UserValidation.java:128)
	at com.bridgelab.junituservalidation.UserValidation.enterMobileNumber(UserValidation.java:128)
	at com.bridgelab.junituservalidation.UserValidation.enterMobileNumber(UserValidation.java:128)
	at com.bridgelab.junituservalidation.UserValidation.enterMobileNumber(UserValidation.java:128)
	at com.bridgelab.junituservalidation.UserValidation.enterMobileNumber(UserValidation.java:128)
	at com.bridgelab.junituservalidation.UserValidation.enterMobileNumber(UserValidation.java:128)
	at com.bridgelab.junituservalidation.UserValidation.enterMobileNumber(UserValidation.java:128)
	at com.bridgelab.junituservalidation.UserValidation.enterMobileNumber(UserValidation.java:128)
	at com.bridgelab.junituservalidation.UserValidation.enterMobileNumber(UserValidation.java:128)
	at com.bridgelab.junituservalidation.UserValidation.enterMobileNumber(UserValidation.java:128)
	at com.bridgelab.junituservalidation.UserValidation.enterMobileNumber(UserValidation.java:128)
	at com.bridgelab.junituservalidation.UserValidation.enterMobileNumber(UserValidation.java:128)
	at com.bridgelab.junituservalidation.UserValidation.enterMobileNumber(UserValidation.java:128)
	at com.bridgelab.junituservalidation.UserValidation.enterMobileNumber(UserValidation.java:128)
	at com.bridgelab.junituservalidation.UserValidation.enterMobileNumber(UserValidation.java:128)
	at com.bridgelab.junituservalidation.UserValidation.enterMobileNumber(UserValidation.java:128)
	at com.bridgelab.junituservalidation.UserValidation.enterMobileNumber(UserValidation.java:128)
	at com.bridgelab.junituservalidation.UserValidation.enterMobileNumber(UserValidation.java:128)
	at com.bridgelab.junituservalidation.UserValidation.enterMobileNumber(UserValidation.java:128)
	at com.bridgelab.junituservalidation.UserValidation.enterMobileNumber(UserValidation.java:128)
	at com.bridgelab.junituservalidation.UserValidation.enterMobileNumber(UserValidation.java:128)
	at com.bridgelab.junituservalidation.UserValidation.enterMobileNumber(UserValidation.java:128)
	at com.bridgelab.junituservalidation.UserValidation.enterMobileNumber(UserValidation.java:128)
	at com.bridgelab.junituservalidation.UserValidation.enterMobileNumber(UserValidation.java:128)
	at com.bridgelab.junituservalidation.UserValidation.enterMobileNumber(UserValidation.java:128)
	at com.bridgelab.junituservalidation.UserValidation.enterMobileNumber(UserValidation.java:128)
	at com.bridgelab.junituservalidation.UserValidation.enterMobileNumber(UserValidation.java:128)
	at com.bridgelab.junituservalidation.UserValidation.enterMobileNumber(UserValidation.java:128)
	at com.bridgelab.junituservalidation.UserValidation.enterMobileNumber(UserValidation.java:128)
	at com.bridgelab.junituservalidation.UserValidation.enterMobileNumber(UserValidation.java:128)
	at com.bridgelab.junituservalidation.UserValidation.enterMobileNumber(UserValidation.java:128)
	at com.bridgelab.junituservalidation.UserValidation.enterMobileNumber(UserValidation.java:128)
	at com.bridgelab.junituservalidation.UserValidation.enterMobileNumber(UserValidation.java:128)
	at com.bridgelab.junituservalidation.UserValidation.enterMobileNumber(UserValidation.java:128)
	at com.bridgelab.junituservalidation.UserValidation.enterMobileNumber(UserValidation.java:128)
	at com.bridgelab.junituservalidation.UserValidation.enterMobileNumber(UserValidation.java:128)
	at com.bridgelab.junituservalidation.UserValidation.enterMobileNumber(UserValidation.java:128)
	at com.bridgelab.junituservalidation.UserValidation.enterMobileNumber(UserValidation.java:128)
	at com.bridgelab.junituservalidation.UserValidation.enterMobileNumber(UserValidation.java:128)
	at com.bridgelab.junituservalidation.UserValidation.enterMobileNumber(UserValidation.java:128)
	at com.bridgelab.junituservalidation.UserValidation.enterMobileNumber(UserValidation.java:128)
	at com.bridgelab.junituservalidation.UserValidation.enterMobileNumber(UserValidation.java:128)
	at com.bridgelab.junituservalidation.UserValidation.enterMobileNumber(UserValidation.java:128)
	at com.bridgelab.junituservalidation.UserValidation.enterMobileNumber(UserValidation.java:128)
	at com.bridgelab.junituservalidation.UserValidation.enterMobileNumber(UserValidation.java:128)
	at com.bridgelab.junituservalidation.UserValidation.enterMobileNumber(UserValidation.java:128)
	at com.bridgelab.junituservalidation.UserValidation.enterMobileNumber(UserValidation.java:128)
	at com.bridgelab.junituservalidation.UserValidation.enterMobileNumber(UserValidation.java:128)
	at com.bridgelab.junituservalidation.UserValidation.enterMobileNumber(UserValidation.java:128)
	at com.bridgelab.junituservalidation.UserValidation.enterMobileNumber(UserValidation.java:128)
	at com.bridgelab.junituservalidation.UserValidation.enterMobileNumber(UserValidation.java:128)
	at com.bridgelab.junituservalidation.UserValidation.enterMobileNumber(UserValidation.java:128)
	at com.bridgelab.junituservalidation.UserValidation.enterMobileNumber(UserValidation.java:128)
	at com.bridgelab.junituservalidation.UserValidation.enterMobileNumber(UserValidation.java:128)
	at com.bridgelab.junituservalidation.UserValidation.enterMobileNumber(UserValidation.java:128)
	at com.bridgelab.junituservalidation.UserValidation.enterMobileNumber(UserValidation.java:128)
	at com.bridgelab.junituservalidation.UserValidation.enterMobileNumber(UserValidation.java:128)
	at com.bridgelab.junituservalidation.UserValidation.enterMobileNumber(UserValidation.java:128)
	at com.bridgelab.junituservalidation.UserValidation.enterMobileNumber(UserValidation.java:128)
	at com.bridgelab.junituservalidation.UserValidation.enterMobileNumber(UserValidation.java:128)
	at com.bridgelab.junituservalidation.UserValidation.enterMobileNumber(UserValidation.java:128)
	at com.bridgelab.junituservalidation.UserValidation.enterMobileNumber(UserValidation.java:128)
	at com.bridgelab.junituservalidation.UserValidation.enterMobileNumber(UserValidation.java:128)
	at com.bridgelab.junituservalidation.UserValidation.enterMobileNumber(UserValidation.java:128)
	at com.bridgelab.junituservalidation.UserValidation.enterMobileNumber(UserValidation.java:128)
	at com.bridgelab.junituservalidation.UserValidation.enterMobileNumber(UserValidation.java:128)
	at com.bridgelab.junituservalidation.UserValidation.enterMobileNumber(UserValidation.java:128)
	at com.bridgelab.junituservalidation.UserValidation.enterMobileNumber(UserValidation.java:128)
	at com.bridgelab.junituservalidation.UserValidation.enterMobileNumber(UserValidation.java:128)
	at com.bridgelab.junituservalidation.UserValidation.enterMobileNumber(UserValidation.java:128)
	at com.bridgelab.junituservalidation.UserValidation.enterMobileNumber(UserValidation.java:128)
	at com.bridgelab.junituservalidation.UserValidation.enterMobileNumber(UserValidation.java:128)
	at com.bridgelab.junituservalidation.UserValidation.enterMobileNumber(UserValidation.java:128)
	at com.bridgelab.junituservalidation.UserValidation.enterMobileNumber(UserValidation.java:128)
	at com.bridgelab.junituservalidation.UserValidation.enterMobileNumber(UserValidation.java:128)
	at com.bridgelab.junituservalidation.UserValidation.enterMobileNumber(UserValidation.java:128)
	at com.bridgelab.junituservalidation.UserValidation.enterMobileNumber(UserValidation.java:128)
	at com.bridgelab.junituservalidation.UserValidation.enterMobileNumber(UserValidation.java:128)
	at com.bridgelab.junituservalidation.UserValidation.enterMobileNumber(UserValidation.java:128)
	at com.bridgelab.junituservalidation.UserValidation.enterMobileNumber(UserValidation.java:128)
	at com.bridgelab.junituservalidation.UserValidation.enterMobileNumber(UserValidation.java:128)
	at com.bridgelab.junituservalidation.UserValidation.enterMobileNumber(UserValidation.java:128)
	at com.bridgelab.junituservalidation.UserValidation.enterMobileNumber(UserValidation.java:128)
	at com.bridgelab.junituservalidation.UserValidation.enterMobileNumber(UserValidation.java:128)
	at com.bridgelab.junituservalidation.UserValidation.enterMobileNumber(UserValidation.java:128)
	at com.bridgelab.junituservalidation.UserValidation.enterMobileNumber(UserValidation.java:128)
	at com.bridgelab.junituservalidation.UserValidation.enterMobileNumber(UserValidation.java:128)
	at com.bridgelab.junituservalidation.UserValidation.enterMobileNumber(UserValidation.java:128)
	at com.bridgelab.junituservalidation.UserValidation.enterMobileNumber(UserValidation.java:128)
	at com.bridgelab.junituservalidation.UserValidation.enterMobileNumber(UserValidation.java:128)
	at com.bridgelab.junituservalidation.UserValidation.enterMobileNumber(UserValidation.java:128)
	at com.bridgelab.junituservalidation.UserValidation.enterMobileNumber(UserValidation.java:128)
	at com.bridgelab.junituservalidation.UserValidation.enterMobileNumber(UserValidation.java:128)
	at com.bridgelab.junituservalidation.UserValidation.enterMobileNumber(UserValidation.java:128)
	at com.bridgelab.junituservalidation.UserValidation.enterMobileNumber(UserValidation.java:128)
	at com.bridgelab.junituservalidation.UserValidation.enterMobileNumber(UserValidation.java:128)
	at com.bridgelab.junituservalidation.UserValidation.enterMobileNumber(UserValidation.java:128)
	at com.bridgelab.junituservalidation.UserValidation.enterMobileNumber(UserValidation.java:128)
	at com.bridgelab.junituservalidation.UserValidation.enterMobileNumber(UserValidation.java:128)
	at com.bridgelab.junituservalidation.UserValidation.enterMobileNumber(UserValidation.java:128)
	at com.bridgelab.junituservalidation.UserValidation.enterMobileNumber(UserValidation.java:128)
	at com.bridgelab.junituservalidation.UserValidation.enterMobileNumber(UserValidation.java:128)
	at com.bridgelab.junituservalidation.UserValidation.enterMobileNumber(UserValidation.java:128)
	at com.bridgelab.junituservalidation.UserValidation.enterMobileNumber(UserValidation.java:128)
	at com.bridgelab.junituservalidation.UserValidation.enterMobileNumber(UserValidation.java:128)
	at com.bridgelab.junituservalidation.UserValidation.enterMobileNumber(UserValidation.java:128)
	at com.bridgelab.junituservalidation.UserValidation.enterMobileNumber(UserValidation.java:128)
	at com.bridgelab.junituservalidation.UserValidation.enterMobileNumber(UserValidation.java:128)
	at com.bridgelab.junituservalidation.UserValidation.enterMobileNumber(UserValidation.java:128)
	at com.bridgelab.junituservalidation.UserValidation.enterMobileNumber(UserValidation.java:128)
	at com.bridgelab.junituservalidation.UserValidation.enterMobileNumber(UserValidation.java:128)
	at com.bridgelab.junituservalidation.UserValidation.enterMobileNumber(UserValidation.java:128)
	at com.bridgelab.junituservalidation.UserValidation.enterMobileNumber(UserValidation.java:128)
	at com.bridgelab.junituservalidation.UserValidation.enterMobileNumber(UserValidation.java:128)
	at com.bridgelab.junituservalidation.UserValidation.enterMobileNumber(UserValidation.java:128)
	at com.bridgelab.junituservalidation.UserValidation.enterMobileNumber(UserValidation.java:128)
	at com.bridgelab.junituservalidation.UserValidation.enterMobileNumber(UserValidation.java:128)
	at com.bridgelab.junituservalidation.UserValidation.enterMobileNumber(UserValidation.java:128)
	at com.bridgelab.junituservalidation.UserValidation.enterMobileNumber(UserValidation.java:128)
	at com.bridgelab.junituservalidation.UserValidation.enterMobileNumber(UserValidation.java:128)
	at com.bridgelab.junituservalidation.UserValidation.enterMobileNumber(UserValidation.java:128)
	at com.bridgelab.junituservalidation.UserValidation.enterMobileNumber(UserValidation.java:128)
	at com.bridgelab.junituservalidation.UserValidation.enterMobileNumber(UserValidation.java:128)
	at com.bridgelab.junituservalidation.UserValidation.enterMobileNumber(UserValidation.java:128)
	at com.bridgelab.junituservalidation.UserValidation.enterMobileNumber(UserValidation.java:128)
	at com.bridgelab.junituservalidation.UserValidation.enterMobileNumber(UserValidation.java:128)
	at com.bridgelab.junituservalidation.UserValidation.enterMobileNumber(UserValidation.java:128)
	at com.bridgelab.junituservalidation.UserValidation.enterMobileNumber(UserValidation.java:128)
	at com.bridgelab.junituservalidation.UserValidation.enterMobileNumber(UserValidation.java:128)
	at com.bridgelab.junituservalidation.UserValidation.enterMobileNumber(UserValidation.java:128)
	at com.bridgelab.junituservalidation.UserValidation.enterMobileNumber(UserValidation.java:128)
	at com.bridgelab.junituservalidation.UserValidation.enterMobileNumber(UserValidation.java:128)
	at com.bridgelab.junituservalidation.UserValidation.enterMobileNumber(UserValidation.java:128)
	at com.bridgelab.junituservalidation.UserValidation.enterMobileNumber(UserValidation.java:128)
	at com.bridgelab.junituservalidation.UserValidation.enterMobileNumber(UserValidation.java:128)
	at com.bridgelab.junituservalidation.UserValidation.enterMobileNumber(UserValidation.java:128)
	at com.bridgelab.junituservalidation.UserValidation.enterMobileNumber(UserValidation.java:128)
	at com.bridgelab.junituservalidation.UserValidation.enterMobileNumber(UserValidation.java:128)
	at com.bridgelab.junituservalidation.UserValidation.enterMobileNumber(UserValidation.java:128)
	at com.bridgelab.junituservalidation.UserValidation.enterMobileNumber(UserValidation.java:128)
	at com.bridgelab.junituservalidation.UserValidation.enterMobileNumber(UserValidation.java:128)
	at com.bridgelab.junituservalidation.UserValidation.enterMobileNumber(UserValidation.java:128)
	at com.bridgelab.junituservalidation.UserValidation.enterMobileNumber(UserValidation.java:128)
	at com.bridgelab.junituservalidation.UserValidation.enterMobileNumber(UserValidation.java:128)
	at com.bridgelab.junituservalidation.UserValidation.enterMobileNumber(UserValidation.java:128)
	at com.bridgelab.junituservalidation.UserValidation.enterMobileNumber(UserValidation.java:128)
	at com.bridgelab.junituservalidation.UserValidation.enterMobileNumber(UserValidation.java:128)
	at com.bridgelab.junituservalidation.UserValidation.enterMobileNumber(UserValidation.java:128)
	at com.bridgelab.junituservalidation.UserValidation.enterMobileNumber(UserValidation.java:128)
	at com.bridgelab.junituservalidation.UserValidation.enterMobileNumber(UserValidation.java:128)
	at com.bridgelab.junituservalidation.UserValidation.enterMobileNumber(UserValidation.java:128)
	at com.bridgelab.junituservalidation.UserValidation.enterMobileNumber(UserValidation.java:128)
	at com.bridgelab.junituservalidation.UserValidation.enterMobileNumber(UserValidation.java:128)
	at com.bridgelab.junituservalidation.UserValidation.enterMobileNumber(UserValidation.java:128)
	at com.bridgelab.junituservalidation.UserValidation.enterMobileNumber(UserValidation.java:128)
	at com.bridgelab.junituservalidation.UserValidation.enterMobileNumber(UserValidation.java:128)
	at com.bridgelab.junituservalidation.UserValidation.enterMobileNumber(UserValidation.java:128)
	at com.bridgelab.junituservalidation.UserValidation.enterMobileNumber(UserValidation.java:128)
	at com.bridgelab.junituservalidation.UserValidation.enterMobileNumber(UserValidation.java:128)
	at com.bridgelab.junituservalidation.UserValidation.enterMobileNumber(UserValidation.java:128)
	at com.bridgelab.junituservalidation.UserValidation.enterMobileNumber(UserValidation.java:128)
	at com.bridgelab.junituservalidation.UserValidation.enterMobileNumber(UserValidation.java:128)
	at com.bridgelab.junituservalidation.UserValidation.enterMobileNumber(UserValidation.java:128)
	at com.bridgelab.junituservalidation.UserValidation.enterMobileNumber(UserValidation.java:128)
	at com.bridgelab.junituservalidation.UserValidation.enterMobileNumber(UserValidation.java:128)
	at com.bridgelab.junituservalidation.UserValidation.enterMobileNumber(UserValidation.java:128)
	at com.bridgelab.junituservalidation.UserValidation.enterMobileNumber(UserValidation.java:128)
	at com.bridgelab.junituservalidation.UserValidation.enterMobileNumber(UserValidation.java:128)
	at com.bridgelab.junituservalidation.UserValidation.enterMobileNumber(UserValidation.java:128)
	at com.bridgelab.junituservalidation.UserValidation.enterMobileNumber(UserValidation.java:128)
	at com.bridgelab.junituservalidation.UserValidation.enterMobileNumber(UserValidation.java:128)
	at com.bridgelab.junituservalidation.UserValidation.enterMobileNumber(UserValidation.java:128)
	at com.bridgelab.junituservalidation.UserValidation.enterMobileNumber(UserValidation.java:128)
	at com.bridgelab.junituservalidation.UserValidation.enterMobileNumber(UserValidation.java:128)
	at com.bridgelab.junituservalidation.UserValidation.enterMobileNumber(UserValidation.java:128)
	at com.bridgelab.junituservalidation.UserValidation.enterMobileNumber(UserValidation.java:128)
	at com.bridgelab.junituservalidation.UserValidation.enterMobileNumber(UserValidation.java:128)
	at com.bridgelab.junituservalidation.UserValidation.enterMobileNumber(UserValidation.java:128)
	at com.bridgelab.junituservalidation.UserValidation.enterMobileNumber(UserValidation.java:128)
	at com.bridgelab.junituservalidation.UserValidation.enterMobileNumber(UserValidation.java:128)
	at com.bridgelab.junituservalidation.UserValidation.enterMobileNumber(UserValidation.java:128)
	at com.bridgelab.junituservalidation.UserValidation.enterMobileNumber(UserValidation.java:128)
	at com.bridgelab.junituservalidation.UserValidation.enterMobileNumber(UserValidation.java:128)
	at com.bridgelab.junituservalidation.UserValidation.enterMobileNumber(UserValidation.java:128)
	at com.bridgelab.junituservalidation.UserValidation.enterMobileNumber(UserValidation.java:128)
	at com.bridgelab.junituservalidation.UserValidation.enterMobileNumber(UserValidation.java:128)
	at com.bridgelab.junituservalidation.UserValidation.enterMobileNumber(UserValidation.java:128)
	at com.bridgelab.junituservalidation.UserValidation.enterMobileNumber(UserValidation.java:128)
	at com.bridgelab.junituservalidation.UserValidation.enterMobileNumber(UserValidation.java:128)
	at com.bridgelab.junituservalidation.UserValidation.enterMobileNumber(UserValidation.java:128)
	at com.bridgelab.junituservalidation.UserValidation.enterMobileNumber(UserValidation.java:128)
	at com.bridgelab.junituservalidation.UserValidation.enterMobileNumber(UserValidation.java:128)
	at com.bridgelab.junituservalidation.UserValidation.enterMobileNumber(UserValidation.java:128)
	at com.bridgelab.junituservalidation.UserValidation.enterMobileNumber(UserValidation.java:128)
	at com.bridgelab.junituservalidation.UserValidation.enterMobileNumber(UserValidation.java:128)
	at com.bridgelab.junituservalidation.UserValidation.enterMobileNumber(UserValidation.java:128)
	at com.bridgelab.junituservalidation.UserValidation.enterMobileNumber(UserValidation.java:128)
	at com.bridgelab.junituservalidation.UserValidation.enterMobileNumber(UserValidation.java:128)
	at com.bridgelab.junituservalidation.UserValidation.enterMobileNumber(UserValidation.java:128)
	at com.bridgelab.junituservalidation.UserValidation.enterMobileNumber(UserValidation.java:128)
	at com.bridgelab.junituservalidation.UserValidation.enterMobileNumber(UserValidation.java:128)
	at com.bridgelab.junituservalidation.UserValidation.enterMobileNumber(UserValidation.java:128)
	at com.bridgelab.junituservalidation.UserValidation.enterMobileNumber(UserValidation.java:128)
	at com.bridgelab.junituservalidation.UserValidation.enterMobileNumber(UserValidation.java:128)
	at com.bridgelab.junituservalidation.UserValidation.enterMobileNumber(UserValidation.java:128)
	at com.bridgelab.junituservalidation.UserValidation.enterMobileNumber(UserValidation.java:128)
	at com.bridgelab.junituservalidation.UserValidation.enterMobileNumber(UserValidation.java:128)
	at com.bridgelab.junituservalidation.UserValidation.enterMobileNumber(UserValidation.java:128)
	at com.bridgelab.junituservalidation.UserValidation.enterMobileNumber(UserValidation.java:128)
	at com.bridgelab.junituservalidation.UserValidation.enterMobileNumber(UserValidation.java:128)
	at com.bridgelab.junituservalidation.UserValidation.enterMobileNumber(UserValidation.java:128)
	at com.bridgelab.junituservalidation.UserValidation.enterMobileNumber(UserValidation.java:128)
	at com.bridgelab.junituservalidation.UserValidation.enterMobileNumber(UserValidation.java:128)
	at com.bridgelab.junituservalidation.UserValidation.enterMobileNumber(UserValidation.java:128)
	at com.bridgelab.junituservalidation.UserValidation.enterMobileNumber(UserValidation.java:128)
	at com.bridgelab.junituservalidation.UserValidation.enterMobileNumber(UserValidation.java:128)
	at com.bridgelab.junituservalidation.UserValidation.enterMobileNumber(UserValidation.java:128)
	at com.bridgelab.junituservalidation.UserValidation.enterMobileNumber(UserValidation.java:128)
	at com.bridgelab.junituservalidation.UserValidation.enterMobileNumber(UserValidation.java:128)
	at com.bridgelab.junituservalidation.UserValidation.enterMobileNumber(UserValidation.java:128)
	at com.bridgelab.junituservalidation.UserValidation.enterMobileNumber(UserValidation.java:128)
	at com.bridgelab.junituservalidation.UserValidation.enterMobileNumber(UserValidation.java:128)
	at com.bridgelab.junituservalidation.UserValidation.enterMobileNumber(UserValidation.java:128)
	at com.bridgelab.junituservalidation.UserValidation.enterMobileNumber(UserValidation.java:128)
	at com.bridgelab.junituservalidation.UserValidation.enterMobileNumber(UserValidation.java:128)
	at com.bridgelab.junituservalidation.UserValidation.enterMobileNumber(UserValidation.java:128)
	at com.bridgelab.junituservalidation.UserValidation.enterMobileNumber(UserValidation.java:128)
	at com.bridgelab.junituservalidation.UserValidation.enterMobileNumber(UserValidation.java:128)
	at com.bridgelab.junituservalidation.UserValidation.enterMobileNumber(UserValidation.java:128)
	at com.bridgelab.junituservalidation.UserValidation.enterMobileNumber(UserValidation.java:128)
	at com.bridgelab.junituservalidation.UserValidation.enterMobileNumber(UserValidation.java:128)
	at com.bridgelab.junituservalidation.UserValidation.enterMobileNumber(UserValidation.java:128)
	at com.bridgelab.junituservalidation.UserValidation.enterMobileNumber(UserValidation.java:128)
	at com.bridgelab.junituservalidation.UserValidation.enterMobileNumber(UserValidation.java:128)
	at com.bridgelab.junituservalidation.UserValidation.enterMobileNumber(UserValidation.java:128)
	at com.bridgelab.junituservalidation.UserValidation.enterMobileNumber(UserValidation.java:128)
	at com.bridgelab.junituservalidation.UserValidation.enterMobileNumber(UserValidation.java:128)
	at com.bridgelab.junituservalidation.UserValidation.enterMobileNumber(UserValidation.java:128)
	at com.bridgelab.junituservalidation.UserValidation.enterMobileNumber(UserValidation.java:128)
	at com.bridgelab.junituservalidation.UserValidation.enterMobileNumber(UserValidation.java:128)
	at com.bridgelab.junituservalidation.UserValidation.enterMobileNumber(UserValidation.java:128)
	at com.bridgelab.junituservalidation.UserValidation.enterMobileNumber(UserValidation.java:128)
	at com.bridgelab.junituservalidation.UserValidation.enterMobileNumber(UserValidation.java:128)
	at com.bridgelab.junituservalidation.UserValidation.enterMobileNumber(UserValidation.java:128)
	at com.bridgelab.junituservalidation.UserValidation.enterMobileNumber(UserValidation.java:128)
	at com.bridgelab.junituservalidation.UserValidation.enterMobileNumber(UserValidation.java:128)
	at com.bridgelab.junituservalidation.UserValidation.enterMobileNumber(UserValidation.java:128)
	at com.bridgelab.junituservalidation.UserValidation.enterMobileNumber(UserValidation.java:128)
	at com.bridgelab.junituservalidation.UserValidation.enterMobileNumber(UserValidation.java:128)
	at com.bridgelab.junituservalidation.UserValidation.enterMobileNumber(UserValidation.java:128)
	at com.bridgelab.junituservalidation.UserValidation.enterMobileNumber(UserValidation.java:128)
	at com.bridgelab.junituservalidation.UserValidation.enterMobileNumber(UserValidation.java:128)
	at com.bridgelab.junituservalidation.UserValidation.enterMobileNumber(UserValidation.java:128)
	at com.bridgelab.junituservalidation.UserValidation.enterMobileNumber(UserValidation.java:128)
	at com.bridgelab.junituservalidation.UserValidation.enterMobileNumber(UserValidation.java:128)
	at com.bridgelab.junituservalidation.UserValidation.enterMobileNumber(UserValidation.java:128)
	at com.bridgelab.junituservalidation.UserValidation.enterMobileNumber(UserValidation.java:128)
	at com.bridgelab.junituservalidation.UserValidation.enterMobileNumber(UserValidation.java:128)
	at com.bridgelab.junituservalidation.UserValidation.enterMobileNumber(UserValidation.java:128)
	at com.bridgelab.junituservalidation.UserValidation.enterMobileNumber(UserValidation.java:128)
	at com.bridgelab.junituservalidation.UserValidation.enterMobileNumber(UserValidation.java:128)
	at com.bridgelab.junituservalidation.UserValidation.enterMobileNumber(UserValidation.java:128)
	at com.bridgelab.junituservalidation.UserValidation.enterMobileNumber(UserValidation.java:128)
	at com.bridgelab.junituservalidation.UserValidation.enterMobileNumber(UserValidation.java:128)
	at com.bridgelab.junituservalidation.UserValidation.enterMobileNumber(UserValidation.java:128)
	at com.bridgelab.junituservalidation.UserValidation.enterMobileNumber(UserValidation.java:128)
	at com.bridgelab.junituservalidation.UserValidation.enterMobileNumber(UserValidation.java:128)
	at com.bridgelab.junituservalidation.UserValidation.enterMobileNumber(UserValidation.java:128)
	at com.bridgelab.junituservalidation.UserValidation.enterMobileNumber(UserValidation.java:128)
	at com.bridgelab.junituservalidation.UserValidation.enterMobileNumber(UserValidation.java:128)
	at com.bridgelab.junituservalidation.UserValidation.enterMobileNumber(UserValidation.java:128)
	at com.bridgelab.junituservalidation.UserValidation.enterMobileNumber(UserValidation.java:128)
	at com.bridgelab.junituservalidation.UserValidation.enterMobileNumber(UserValidation.java:128)
	at com.bridgelab.junituservalidation.UserValidation.enterMobileNumber(UserValidation.java:128)
	at com.bridgelab.junituservalidation.UserValidation.enterMobileNumber(UserValidation.java:128)
	at com.bridgelab.junituservalidation.UserValidation.enterMobileNumber(UserValidation.java:128)
	at com.bridgelab.junituservalidation.UserValidation.enterMobileNumber(UserValidation.java:128)
	at com.bridgelab.junituservalidation.UserValidation.enterMobileNumber(UserValidation.java:128)
	at com.bridgelab.junituservalidation.UserValidation.enterMobileNumber(UserValidation.java:128)
	at com.bridgelab.junituservalidation.UserValidation.enterMobileNumber(UserValidation.java:128)
	at com.bridgelab.junituservalidation.UserValidation.enterMobileNumber(UserValidation.java:128)
	at com.bridgelab.junituservalidation.UserValidation.enterMobileNumber(UserValidation.java:128)
	at com.bridgelab.junituservalidation.UserValidation.enterMobileNumber(UserValidation.java:128)
	at com.bridgelab.junituservalidation.UserValidation.enterMobileNumber(UserValidation.java:128)
	at com.bridgelab.junituservalidation.UserValidation.enterMobileNumber(UserValidation.java:128)
	at com.bridgelab.junituservalidation.UserValidation.enterMobileNumber(UserValidation.java:128)
	at com.bridgelab.junituservalidation.UserValidation.enterMobileNumber(UserValidation.java:128)
	at com.bridgelab.junituservalidation.UserValidation.enterMobileNumber(UserValidation.java:128)
	at com.bridgelab.junituservalidation.UserValidation.enterMobileNumber(UserValidation.java:128)
	at com.bridgelab.junituservalidation.UserValidation.enterMobileNumber(UserValidation.java:128)
	at com.bridgelab.junituservalidation.UserValidation.enterMobileNumber(UserValidation.java:128)
	at com.bridgelab.junituservalidation.UserValidation.enterMobileNumber(UserValidation.java:128)
	at com.bridgelab.junituservalidation.UserValidation.enterMobileNumber(UserValidation.java:128)
	at com.bridgelab.junituservalidation.UserValidation.enterMobileNumber(UserValidation.java:128)
	at com.bridgelab.junituservalidation.UserValidation.enterMobileNumber(UserValidation.java:128)
	at com.bridgelab.junituservalidation.UserValidation.enterMobileNumber(UserValidation.java:128)
	at com.bridgelab.junituservalidation.UserValidation.enterMobileNumber(UserValidation.java:128)
	at com.bridgelab.junituservalidation.UserValidation.enterMobileNumber(UserValidation.java:128)
	at com.bridgelab.junituservalidation.UserValidation.enterMobileNumber(UserValidation.java:128)
	at com.bridgelab.junituservalidation.UserValidation.enterMobileNumber(UserValidation.java:128)
	at com.bridgelab.junituservalidation.UserValidation.enterMobileNumber(UserValidation.java:128)
	at com.bridgelab.junituservalidation.UserValidation.enterMobileNumber(UserValidation.java:128)
	at com.bridgelab.junituservalidation.UserValidation.enterMobileNumber(UserValidation.java:128)
	at com.bridgelab.junituservalidation.UserValidation.enterMobileNumber(UserValidation.java:128)
	at com.bridgelab.junituservalidation.UserValidation.enterMobileNumber(UserValidation.java:128)
	at com.bridgelab.junituservalidation.UserValidation.enterMobileNumber(UserValidation.java:128)
	at com.bridgelab.junituservalidation.UserValidation.enterMobileNumber(UserValidation.java:128)
	at com.bridgelab.junituservalidation.UserValidation.enterMobileNumber(UserValidation.java:128)
	at com.bridgelab.junituservalidation.UserValidation.enterMobileNumber(UserValidation.java:128)
	at com.bridgelab.junituservalidation.UserValidation.enterMobileNumber(UserValidation.java:128)
	at com.bridgelab.junituservalidation.UserValidation.enterMobileNumber(UserValidation.java:128)
	at com.bridgelab.junituservalidation.UserValidation.enterMobileNumber(UserValidation.java:128)
	at com.bridgelab.junituservalidation.UserValidation.enterMobileNumber(UserValidation.java:128)
	at com.bridgelab.junituservalidation.UserValidation.enterMobileNumber(UserValidation.java:128)
	at com.bridgelab.junituservalidation.UserValidation.enterMobileNumber(UserValidation.java:128)
	at com.bridgelab.junituservalidation.UserValidation.enterMobileNumber(UserValidation.java:128)
	at com.bridgelab.junituservalidation.UserValidation.enterMobileNumber(UserValidation.java:128)
	at com.bridgelab.junituservalidation.UserValidation.enterMobileNumber(UserValidation.java:128)
	at com.bridgelab.junituservalidation.UserValidation.enterMobileNumber(UserValidation.java:128)
	at com.bridgelab.junituservalidation.UserValidation.enterMobileNumber(UserValidation.java:128)
	at com.bridgelab.junituservalidation.UserValidation.enterMobileNumber(UserValidation.java:128)
	at com.bridgelab.junituservalidation.UserValidation.enterMobileNumber(UserValidation.java:128)
	at com.bridgelab.junituservalidation.UserValidation.enterMobileNumber(UserValidation.java:128)
	at com.bridgelab.junituservalidation.UserValidation.enterMobileNumber(UserValidation.java:128)
	at com.bridgelab.junituservalidation.UserValidation.enterMobileNumber(UserValidation.java:128)
	at com.bridgelab.junituservalidation.UserValidation.enterMobileNumber(UserValidation.java:128)
	at com.bridgelab.junituservalidation.UserValidation.enterMobileNumber(UserValidation.java:128)
	at com.bridgelab.junituservalidation.UserValidation.enterMobileNumber(UserValidation.java:128)
	at com.bridgelab.junituservalidation.UserValidation.enterMobileNumber(UserValidation.java:128)
	at com.bridgelab.junituservalidation.UserValidation.enterMobileNumber(UserValidation.java:128)
	at com.bridgelab.junituservalidation.UserValidation.enterMobileNumber(UserValidation.java:128)
	at com.bridgelab.junituservalidation.UserValidation.enterMobileNumber(UserValidation.java:128)
	at com.bridgelab.junituservalidation.UserValidation.enterMobileNumber(UserValidation.java:128)
	at com.bridgelab.junituservalidation.UserValidation.enterMobileNumber(UserValidation.java:128)
	at com.bridgelab.junituservalidation.UserValidation.enterMobileNumber(UserValidation.java:128)
	at com.bridgelab.junituservalidation.UserValidation.enterMobileNumber(UserValidation.java:128)
	at com.bridgelab.junituservalidation.UserValidation.enterMobileNumber(UserValidation.java:128)
	at com.bridgelab.junituservalidation.UserValidation.enterMobileNumber(UserValidation.java:128)
	at com.bridgelab.junituservalidation.UserValidation.enterMobileNumber(UserValidation.java:128)
	at com.bridgelab.junituservalidation.UserValidation.enterMobileNumber(UserValidation.java:128)
	at com.bridgelab.junituservalidation.UserValidation.enterMobileNumber(UserValidation.java:128)
	at com.bridgelab.junituservalidation.UserValidation.enterMobileNumber(UserValidation.java:128)
	at com.bridgelab.junituservalidation.UserValidation.enterMobileNumber(UserValidation.java:128)
	at com.bridgelab.junituservalidation.UserValidation.enterMobileNumber(UserValidation.java:128)
	at com.bridgelab.junituservalidation.UserValidation.enterMobileNumber(UserValidation.java:128)
	at com.bridgelab.junituservalidation.UserValidation.enterMobileNumber(UserValidation.java:128)
	at com.bridgelab.junituservalidation.UserValidation.enterMobileNumber(UserValidation.java:128)
	at com.bridgelab.junituservalidation.UserValidation.enterMobileNumber(UserValidation.java:128)
	at com.bridgelab.junituservalidation.UserValidation.enterMobileNumber(UserValidation.java:128)
	at com.bridgelab.junituservalidation.UserValidation.enterMobileNumber(UserValidation.java:128)
	at com.bridgelab.junituservalidation.UserValidation.enterMobileNumber(UserValidation.java:128)
	at com.bridgelab.junituservalidation.UserValidation.enterMobileNumber(UserValidation.java:128)
	at com.bridgelab.junituservalidation.UserValidation.enterMobileNumber(UserValidation.java:128)
	at com.bridgelab.junituservalidation.UserValidation.enterMobileNumber(UserValidation.java:128)
	at com.bridgelab.junituservalidation.UserValidation.enterMobileNumber(UserValidation.java:128)
	at com.bridgelab.junituservalidation.UserValidation.enterMobileNumber(UserValidation.java:128)
	at com.bridgelab.junituservalidation.UserValidation.enterMobileNumber(UserValidation.java:128)
	at com.bridgelab.junituservalidation.UserValidation.enterMobileNumber(UserValidation.java:128)
	at com.bridgelab.junituservalidation.UserValidation.enterMobileNumber(UserValidation.java:128)
	at com.bridgelab.junituservalidation.UserValidation.enterMobileNumber(UserValidation.java:128)
	at com.bridgelab.junituservalidation.UserValidation.enterMobileNumber(UserValidation.java:128)
	at com.bridgelab.junituservalidation.UserValidation.enterMobileNumber(UserValidation.java:128)
	at com.bridgelab.junituservalidation.UserValidation.enterMobileNumber(UserValidation.java:128)
	at com.bridgelab.junituservalidation.UserValidation.enterMobileNumber(UserValidation.java:128)
	at com.bridgelab.junituservalidation.UserValidation.enterMobileNumber(UserValidation.java:128)
	at com.bridgelab.junituservalidation.UserValidation.enterMobileNumber(UserValidation.java:128)
	at com.bridgelab.junituservalidation.UserValidation.enterMobileNumber(UserValidation.java:128)
	at com.bridgelab.junituservalidation.UserValidation.enterMobileNumber(UserValidation.java:128)
	at com.bridgelab.junituservalidation.UserValidation.enterMobileNumber(UserValidation.java:128)
	at com.bridgelab.junituservalidation.UserValidation.enterMobileNumber(UserValidation.java:128)
	at com.bridgelab.junituservalidation.UserValidation.enterMobileNumber(UserValidation.java:128)
	at com.bridgelab.junituservalidation.UserValidation.enterMobileNumber(UserValidation.java:128)
	at com.bridgelab.junituservalidation.UserValidation.enterMobileNumber(UserValidation.java:128)
	at com.bridgelab.junituservalidation.UserValidation.enterMobileNumber(UserValidation.java:128)
	at com.bridgelab.junituservalidation.UserValidation.enterMobileNumber(UserValidation.java:128)
	at com.bridgelab.junituservalidation.UserValidation.enterMobileNumber(UserValidation.java:128)
	at com.bridgelab.junituservalidation.UserValidation.enterMobileNumber(UserValidation.java:128)
	at com.bridgelab.junituservalidation.UserValidation.enterMobileNumber(UserValidation.java:128)
	at com.bridgelab.junituservalidation.UserValidation.enterMobileNumber(UserValidation.java:128)
	at com.bridgelab.junituservalidation.UserValidation.enterMobileNumber(UserValidation.java:128)
	at com.bridgelab.junituservalidation.UserValidation.enterMobileNumber(UserValidation.java:128)
	at com.bridgelab.junituservalidation.UserValidation.enterMobileNumber(UserValidation.java:128)
	at com.bridgelab.junituservalidation.UserValidation.enterMobileNumber(UserValidation.java:128)
	at com.bridgelab.junituservalidation.UserValidation.enterMobileNumber(UserValidation.java:128)
	at com.bridgelab.junituservalidation.UserValidation.enterMobileNumber(UserValidation.java:128)
	at com.bridgelab.junituservalidation.UserValidation.enterMobileNumber(UserValidation.java:128)
	at com.bridgelab.junituservalidation.UserValidation.enterMobileNumber(UserValidation.java:128)
	at com.bridgelab.junituservalidation.UserValidation.enterMobileNumber(UserValidation.java:128)
	at com.bridgelab.junituservalidation.UserValidation.enterMobileNumber(UserValidation.java:128)
	at com.bridgelab.junituservalidation.UserValidation.enterMobileNumber(UserValidation.java:128)
	at com.bridgelab.junituservalidation.UserValidation.enterMobileNumber(UserValidation.java:128)
	at com.bridgelab.junituservalidation.UserValidation.enterMobileNumber(UserValidation.java:128)
	at com.bridgelab.junituservalidation.UserValidation.enterMobileNumber(UserValidation.java:128)
	at com.bridgelab.junituservalidation.UserValidation.enterMobileNumber(UserValidation.java:128)
	at com.bridgelab.junituservalidation.UserValidation.enterMobileNumber(UserValidation.java:128)
	at com.bridgelab.junituservalidation.UserValidation.enterMobileNumber(UserValidation.java:128)
	at com.bridgelab.junituservalidation.UserValidation.enterMobileNumber(UserValidation.java:128)
	at com.bridgelab.junituservalidation.UserValidation.enterMobileNumber(UserValidation.java:128)
	at com.bridgelab.junituservalidation.UserValidation.enterMobileNumber(UserValidation.java:128)
	at com.bridgelab.junituservalidation.UserValidation.enterMobileNumber(UserValidation.java:128)
	at com.bridgelab.junituservalidation.UserValidation.enterMobileNumber(UserValidation.java:128)
	at com.bridgelab.junituservalidation.UserValidation.enterMobileNumber(UserValidation.java:128)
	at com.bridgelab.junituservalidation.UserValidation.enterMobileNumber(UserValidation.java:128)
	at com.bridgelab.junituservalidation.UserValidation.enterMobileNumber(UserValidation.java:128)
	at com.bridgelab.junituservalidation.UserValidation.enterMobileNumber(UserValidation.java:128)
	at com.bridgelab.junituservalidation.UserValidation.enterMobileNumber(UserValidation.java:128)
	at com.bridgelab.junituservalidation.UserValidation.enterMobileNumber(UserValidation.java:128)
	at com.bridgelab.junituservalidation.UserValidation.enterMobileNumber(UserValidation.java:128)
	at com.bridgelab.junituservalidation.UserValidation.enterMobileNumber(UserValidation.java:128)
	at com.bridgelab.junituservalidation.UserValidation.enterMobileNumber(UserValidation.java:128)
	at com.bridgelab.junituservalidation.UserValidation.enterMobileNumber(UserValidation.java:128)
	at com.bridgelab.junituservalidation.UserValidation.enterMobileNumber(UserValidation.java:128)
	at com.bridgelab.junituservalidation.UserValidation.enterMobileNumber(UserValidation.java:128)
	at com.bridgelab.junituservalidation.UserValidation.enterMobileNumber(UserValidation.java:128)
	at com.bridgelab.junituservalidation.UserValidation.enterMobileNumber(UserValidation.java:128)
	at com.bridgelab.junituservalidation.UserValidation.enterMobileNumber(UserValidation.java:128)
	at com.bridgelab.junituservalidation.UserValidation.enterMobileNumber(UserValidation.java:128)
	at com.bridgelab.junituservalidation.UserValidation.enterMobileNumber(UserValidation.java:128)
	at com.bridgelab.junituservalidation.UserValidation.enterMobileNumber(UserValidation.java:128)
	at com.bridgelab.junituservalidation.UserValidation.enterMobileNumber(UserValidation.java:128)
	at com.bridgelab.junituservalidation.UserValidation.enterMobileNumber(UserValidation.java:128)
	at com.bridgelab.junituservalidation.UserValidation.enterMobileNumber(UserValidation.java:128)
	at com.bridgelab.junituservalidation.UserValidation.enterMobileNumber(UserValidation.java:128)
	at com.bridgelab.junituservalidation.UserValidation.enterMobileNumber(UserValidation.java:128)
	at com.bridgelab.junituservalidation.UserValidation.enterMobileNumber(UserValidation.java:128)
	at com.bridgelab.junituservalidation.UserValidation.enterMobileNumber(UserValidation.java:128)
	at com.bridgelab.junituservalidation.UserValidation.enterMobileNumber(UserValidation.java:128)
	at com.bridgelab.junituservalidation.UserValidation.enterMobileNumber(UserValidation.java:128)
	at com.bridgelab.junituservalidation.UserValidation.enterMobileNumber(UserValidation.java:128)
	at com.bridgelab.junituservalidation.UserValidation.enterMobileNumber(UserValidation.java:128)
	at com.bridgelab.junituservalidation.UserValidation.enterMobileNumber(UserValidation.java:128)
	at com.bridgelab.junituservalidation.UserValidation.enterMobileNumber(UserValidation.java:128)
	at com.bridgelab.junituservalidation.UserValidation.enterMobileNumber(UserValidation.java:128)
	at com.bridgelab.junituservalidation.UserValidation.enterMobileNumber(UserValidation.java:128)
	at com.bridgelab.junituservalidation.UserValidation.enterMobileNumber(UserValidation.java:128)
	at com.bridgelab.junituservalidation.UserValidation.enterMobileNumber(UserValidation.java:128)
	at com.bridgelab.junituservalidation.UserValidation.enterMobileNumber(UserValidation.java:128)
	at com.bridgelab.junituservalidation.UserValidation.enterMobileNumber(UserValidation.java:128)
	at com.bridgelab.junituservalidation.UserValidation.enterMobileNumber(UserValidation.java:128)
	at com.bridgelab.junituservalidation.UserValidation.enterMobileNumber(UserValidation.java:128)
	at com.bridgelab.junituservalidation.UserValidation.enterMobileNumber(UserValidation.java:128)
	at com.bridgelab.junituservalidation.UserValidation.enterMobileNumber(UserValidation.java:128)
	at com.bridgelab.junituservalidation.UserValidation.enterMobileNumber(UserValidation.java:128)
	at com.bridgelab.junituservalidation.UserValidation.enterMobileNumber(UserValidation.java:128)
	at com.bridgelab.junituservalidation.UserValidation.enterMobileNumber(UserValidation.java:128)
	at com.bridgelab.junituservalidation.UserValidation.enterMobileNumber(UserValidation.java:128)
	at com.bridgelab.junituservalidation.UserValidation.enterMobileNumber(UserValidation.java:128)
	at com.bridgelab.junituservalidation.UserValidation.enterMobileNumber(UserValidation.java:128)
	at com.bridgelab.junituservalidation.UserValidation.enterMobileNumber(UserValidation.java:128)
	at com.bridgelab.junituservalidation.UserValidation.enterMobileNumber(UserValidation.java:128)
	at com.bridgelab.junituservalidation.UserValidation.enterMobileNumber(UserValidation.java:128)
	at com.bridgelab.junituservalidation.UserValidation.enterMobileNumber(UserValidation.java:128)
	at com.bridgelab.junituservalidation.UserValidation.enterMobileNumber(UserValidation.java:128)
	at com.bridgelab.junituservalidation.UserValidation.enterMobileNumber(UserValidation.java:128)
	at com.bridgelab.junituservalidation.UserValidation.enterMobileNumber(UserValidation.java:128)
	at com.bridgelab.junituservalidation.UserValidation.enterMobileNumber(UserValidation.java:128)
	at com.bridgelab.junituservalidation.UserValidation.enterMobileNumber(UserValidation.java:128)
	at com.bridgelab.junituservalidation.UserValidation.enterMobileNumber(UserValidation.java:128)
	at com.bridgelab.junituservalidation.UserValidation.enterMobileNumber(UserValidation.java:128)
	at com.bridgelab.junituservalidation.UserValidation.enterMobileNumber(UserValidation.java:128)
	at com.bridgelab.junituservalidation.UserValidation.enterMobileNumber(UserValidation.java:128)
	at com.bridgelab.junituservalidation.UserValidation.enterMobileNumber(UserValidation.java:128)
	at com.bridgelab.junituservalidation.UserValidation.enterMobileNumber(UserValidation.java:128)
	at com.bridgelab.junituservalidation.UserValidation.enterMobileNumber(UserValidation.java:128)
	at com.bridgelab.junituservalidation.UserValidation.enterMobileNumber(UserValidation.java:128)
	at com.bridgelab.junituservalidation.UserValidation.enterMobileNumber(UserValidation.java:128)
	at com.bridgelab.junituservalidation.UserValidation.enterMobileNumber(UserValidation.java:128)
	at com.bridgelab.junituservalidation.UserValidation.enterMobileNumber(UserValidation.java:128)
	at com.bridgelab.junituservalidation.UserValidation.enterMobileNumber(UserValidation.java:128)
	at com.bridgelab.junituservalidation.UserValidation.enterMobileNumber(UserValidation.java:128)
	at com.bridgelab.junituservalidation.UserValidation.enterMobileNumber(UserValidation.java:128)
	at com.bridgelab.junituservalidation.UserValidation.enterMobileNumber(UserValidation.java:128)
	at com.bridgelab.junituservalidation.UserValidation.enterMobileNumber(UserValidation.java:128)
	at com.bridgelab.junituservalidation.UserValidation.enterMobileNumber(UserValidation.java:128)
	at com.bridgelab.junituservalidation.UserValidation.enterMobileNumber(UserValidation.java:128)
	at com.bridgelab.junituservalidation.UserValidation.enterMobileNumber(UserValidation.java:128)
	at com.bridgelab.junituservalidation.UserValidation.enterMobileNumber(UserValidation.java:128)
	at com.bridgelab.junituservalidation.UserValidation.enterMobileNumber(UserValidation.java:128)
	at com.bridgelab.junituservalidation.UserValidation.enterMobileNumber(UserValidation.java:128)
	at com.bridgelab.junituservalidation.UserValidation.enterMobileNumber(UserValidation.java:128)
	at com.bridgelab.junituservalidation.UserValidation.enterMobileNumber(UserValidation.java:128)
	at com.bridgelab.junituservalidation.UserValidation.enterMobileNumber(UserValidation.java:128)
	at com.bridgelab.junituservalidation.UserValidation.enterMobileNumber(UserValidation.java:128)
	at com.bridgelab.junituservalidation.UserValidation.enterMobileNumber(UserValidation.java:128)
	at com.bridgelab.junituservalidation.UserValidation.enterMobileNumber(UserValidation.java:128)
	at com.bridgelab.junituservalidation.UserValidation.enterMobileNumber(UserValidation.java:128)
	at com.bridgelab.junituservalidation.UserValidation.enterMobileNumber(UserValidation.java:128)
	at com.bridgelab.junituservalidation.UserValidation.enterMobileNumber(UserValidation.java:128)
	at com.bridgelab.junituservalidation.UserValidation.enterMobileNumber(UserValidation.java:128)
	at com.bridgelab.junituservalidation.UserValidation.enterMobileNumber(UserValidation.java:128)
	at com.bridgelab.junituservalidation.UserValidation.enterMobileNumber(UserValidation.java:128)
	at com.bridgelab.junituservalidation.UserValidation.enterMobileNumber(UserValidation.java:128)
	at com.bridgelab.junituservalidation.UserValidation.enterMobileNumber(UserValidation.java:128)
	at com.bridgelab.junituservalidation.UserValidation.enterMobileNumber(UserValidation.java:128)
	at com.bridgelab.junituservalidation.UserValidation.enterMobileNumber(UserValidation.java:128)
	at com.bridgelab.junituservalidation.UserValidation.enterMobileNumber(UserValidation.java:128)
	at com.bridgelab.junituservalidation.UserValidation.enterMobileNumber(UserValidation.java:128)
	at com.bridgelab.junituservalidation.UserValidation.enterMobileNumber(UserValidation.java:128)
	at com.bridgelab.junituservalidation.UserValidation.enterMobileNumber(UserValidation.java:128)
	at com.bridgelab.junituservalidation.UserValidation.enterMobileNumber(UserValidation.java:128)
	at com.bridgelab.junituservalidation.UserValidation.enterMobileNumber(UserValidation.java:128)
	at com.bridgelab.junituservalidation.UserValidation.enterMobileNumber(UserValidation.java:128)
	at com.bridgelab.junituservalidation.UserValidation.enterMobileNumber(UserValidation.java:128)
	at com.bridgelab.junituservalidation.UserValidation.enterMobileNumber(UserValidation.java:128)
	at com.bridgelab.junituservalidation.UserValidation.enterMobileNumber(UserValidation.java:128)
	at com.bridgelab.junituservalidation.UserValidation.enterMobileNumber(UserValidation.java:128)
	at com.bridgelab.junituservalidation.UserValidation.enterMobileNumber(UserValidation.java:128)
	at com.bridgelab.junituservalidation.UserValidation.enterMobileNumber(UserValidation.java:128)
	at com.bridgelab.junituservalidation.UserValidation.enterMobileNumber(UserValidation.java:128)
	at com.bridgelab.junituservalidation.UserValidation.enterMobileNumber(UserValidation.java:128)
	at com.bridgelab.junituservalidation.UserValidation.enterMobileNumber(UserValidation.java:128)
	at com.bridgelab.junituservalidation.UserValidation.enterMobileNumber(UserValidation.java:128)
	at com.bridgelab.junituservalidation.UserValidation.enterMobileNumber(UserValidation.java:128)
	at com.bridgelab.junituservalidation.UserValidation.enterMobileNumber(UserValidation.java:128)
	at com.bridgelab.junituservalidation.UserValidation.enterMobileNumber(UserValidation.java:128)
	at com.bridgelab.junituservalidation.UserValidation.enterMobileNumber(UserValidation.java:128)
	at com.bridgelab.junituservalidation.UserValidation.enterMobileNumber(UserValidation.java:128)
	at com.bridgelab.junituservalidation.UserValidation.enterMobileNumber(UserValidation.java:128)
	at com.bridgelab.junituservalidation.UserValidation.enterMobileNumber(UserValidation.java:128)
	at com.bridgelab.junituservalidation.UserValidation.enterMobileNumber(UserValidation.java:128)
	at com.bridgelab.junituservalidation.UserValidation.enterMobileNumber(UserValidation.java:128)
	at com.bridgelab.junituservalidation.UserValidation.enterMobileNumber(UserValidation.java:128)
	at com.bridgelab.junituservalidation.UserValidation.enterMobileNumber(UserValidation.java:128)
	at com.bridgelab.junituservalidation.UserValidation.enterMobileNumber(UserValidation.java:128)
	at com.bridgelab.junituservalidation.UserValidation.enterMobileNumber(UserValidation.java:128)
	at com.bridgelab.junituservalidation.UserValidation.enterMobileNumber(UserValidation.java:128)
	at com.bridgelab.junituservalidation.UserValidation.enterMobileNumber(UserValidation.java:128)
	at com.bridgelab.junituservalidation.UserValidation.enterMobileNumber(UserValidation.java:128)
	at com.bridgelab.junituservalidation.UserValidation.enterMobileNumber(UserValidation.java:128)
	at com.bridgelab.junituservalidation.UserValidation.enterMobileNumber(UserValidation.java:128)
	at com.bridgelab.junituservalidation.UserValidation.enterMobileNumber(UserValidation.java:128)
	at com.bridgelab.junituservalidation.UserValidation.enterMobileNumber(UserValidation.java:128)
	at com.bridgelab.junituservalidation.UserValidation.enterMobileNumber(UserValidation.java:128)
	at com.bridgelab.junituservalidation.UserValidation.enterMobileNumber(UserValidation.java:128)
	at com.bridgelab.junituservalidation.UserValidation.enterMobileNumber(UserValidation.java:128)
	at com.bridgelab.junituservalidation.UserValidation.enterMobileNumber(UserValidation.java:128)
	at com.bridgelab.junituservalidation.UserValidation.enterMobileNumber(UserValidation.java:128)
	at com.bridgelab.junituservalidation.UserValidation.enterMobileNumber(UserValidation.java:128)
	at com.bridgelab.junituservalidation.UserValidation.enterMobileNumber(UserValidation.java:128)
	at com.bridgelab.junituservalidation.UserValidation.enterMobileNumber(UserValidation.java:128)
	at com.bridgelab.junituservalidation.UserValidation.enterMobileNumber(UserValidation.java:128)
	at com.bridgelab.junituservalidation.UserValidation.enterMobileNumber(UserValidation.java:128)
	at com.bridgelab.junituservalidation.UserValidation.enterMobileNumber(UserValidation.java:128)
	at com.bridgelab.junituservalidation.UserValidation.enterMobileNumber(UserValidation.java:128)
	at com.bridgelab.junituservalidation.UserValidation.enterMobileNumber(UserValidation.java:128)
	at com.bridgelab.junituservalidation.UserValidation.enterMobileNumber(UserValidation.java:128)
	at com.bridgelab.junituservalidation.UserValidation.enterMobileNumber(UserValidation.java:128)
	at com.bridgelab.junituservalidation.UserValidation.enterMobileNumber(UserValidation.java:128)
	at com.bridgelab.junituservalidation.UserValidation.enterMobileNumber(UserValidation.java:128)
	at com.bridgelab.junituservalidation.UserValidation.enterMobileNumber(UserValidation.java:128)
	at com.bridgelab.junituservalidation.UserValidation.enterMobileNumber(UserValidation.java:128)
	at com.bridgelab.junituservalidation.UserValidation.enterMobileNumber(UserValidation.java:128)
	at com.bridgelab.junituservalidation.UserValidation.enterMobileNumber(UserValidation.java:128)
	at com.bridgelab.junituservalidation.UserValidation.enterMobileNumber(UserValidation.java:128)
	at com.bridgelab.junituservalidation.UserValidation.enterMobileNumber(UserValidation.java:128)
	at com.bridgelab.junituservalidation.UserValidation.enterMobileNumber(UserValidation.java:128)
	at com.bridgelab.junituservalidation.UserValidation.enterMobileNumber(UserValidation.java:128)
	at com.bridgelab.junituservalidation.UserValidation.enterMobileNumber(UserValidation.java:128)
	at com.bridgelab.junituservalidation.UserValidation.enterMobileNumber(UserValidation.java:128)
	at com.bridgelab.junituservalidation.UserValidation.enterMobileNumber(UserValidation.java:128)
	at com.bridgelab.junituservalidation.UserValidation.enterMobileNumber(UserValidation.java:128)
	at com.bridgelab.junituservalidation.UserValidation.enterMobileNumber(UserValidation.java:128)
	at com.bridgelab.junituservalidation.UserValidation.enterMobileNumber(UserValidation.java:128)
	at com.bridgelab.junituservalidation.UserValidation.enterMobileNumber(UserValidation.java:128)
	at com.bridgelab.junituservalidation.UserValidation.enterMobileNumber(UserValidation.java:128)
	at com.bridgelab.junituservalidation.UserValidation.enterMobileNumber(UserValidation.java:128)
	at com.bridgelab.junituservalidation.UserValidation.enterMobileNumber(UserValidation.java:128)
	at com.bridgelab.junituservalidation.UserValidation.enterMobileNumber(UserValidation.java:128)
	at com.bridgelab.junituservalidation.UserValidation.enterMobileNumber(UserValidation.java:128)
	at com.bridgelab.junituservalidation.UserValidation.enterMobileNumber(UserValidation.java:128)
	at com.bridgelab.junituservalidation.UserValidation.enterMobileNumber(UserValidation.java:128)
	at com.bridgelab.junituservalidation.UserValidation.enterMobileNumber(UserValidation.java:128)
	at com.bridgelab.junituservalidation.UserValidation.enterMobileNumber(UserValidation.java:128)
	at com.bridgelab.junituservalidation.UserValidation.enterMobileNumber(UserValidation.java:128)
	at com.bridgelab.junituservalidation.UserValidation.enterMobileNumber(UserValidation.java:128)
	at com.bridgelab.junituservalidation.UserValidation.enterMobileNumber(UserValidation.java:128)
	at com.bridgelab.junituservalidation.UserValidation.enterMobileNumber(UserValidation.java:128)
	at com.bridgelab.junituservalidation.UserValidation.enterMobileNumber(UserValidation.java:128)
	at com.bridgelab.junituservalidation.UserValidation.enterMobileNumber(UserValidation.java:128)
	at com.bridgelab.junituservalidation.UserValidation.enterMobileNumber(UserValidation.java:128)
	at com.bridgelab.junituservalidation.UserValidation.enterMobileNumber(UserValidation.java:128)
	at com.bridgelab.junituservalidation.UserValidation.enterMobileNumber(UserValidation.java:128)
	at com.bridgelab.junituservalidation.UserValidation.enterMobileNumber(UserValidation.java:128)
	at com.bridgelab.junituservalidation.UserValidation.enterMobileNumber(UserValidation.java:128)
	at com.bridgelab.junituservalidation.UserValidation.enterMobileNumber(UserValidation.java:128)
	at com.bridgelab.junituservalidation.UserValidation.enterMobileNumber(UserValidation.java:128)
	at com.bridgelab.junituservalidation.UserValidation.enterMobileNumber(UserValidation.java:128)
	at com.bridgelab.junituservalidation.UserValidation.enterMobileNumber(UserValidation.java:128)
	at com.bridgelab.junituservalidation.UserValidation.enterMobileNumber(UserValidation.java:128)
	at com.bridgelab.junituservalidation.UserValidation.enterMobileNumber(UserValidation.java:128)
	at com.bridgelab.junituservalidation.UserValidation.enterMobileNumber(UserValidation.java:128)
	at com.bridgelab.junituservalidation.UserValidation.enterMobileNumber(UserValidation.java:128)
	at com.bridgelab.junituservalidation.UserValidation.enterMobileNumber(UserValidation.java:128)
	at com.bridgelab.junituservalidation.UserValidation.enterMobileNumber(UserValidation.java:128)
	at com.bridgelab.junituservalidation.UserValidation.enterMobileNumber(UserValidation.java:128)
	at com.bridgelab.junituservalidation.UserValidation.enterMobileNumber(UserValidation.java:128)
	at com.bridgelab.junituservalidation.UserValidation.enterMobileNumber(UserValidation.java:128)
	at com.bridgelab.junituservalidation.UserValidation.enterMobileNumber(UserValidation.java:128)
	at com.bridgelab.junituservalidation.UserValidation.enterMobileNumber(UserValidation.java:128)
	at com.bridgelab.junituservalidation.UserValidation.enterMobileNumber(UserValidation.java:128)
	at com.bridgelab.junituservalidation.UserValidation.enterMobileNumber(UserValidation.java:128)
	at com.bridgelab.junituservalidation.UserValidation.enterMobileNumber(UserValidation.java:128)
	at com.bridgelab.junituservalidation.UserValidation.enterMobileNumber(UserValidation.java:128)
	at com.bridgelab.junituservalidation.UserValidation.enterMobileNumber(UserValidation.java:128)
	at com.bridgelab.junituservalidation.UserValidation.enterMobileNumber(UserValidation.java:128)
	at com.bridgelab.junituservalidation.UserValidation.enterMobileNumber(UserValidation.java:128)
	at com.bridgelab.junituservalidation.UserValidation.enterMobileNumber(UserValidation.java:128)
	at com.bridgelab.junituservalidation.UserValidation.enterMobileNumber(UserValidation.java:128)
	at com.bridgelab.junituservalidation.UserValidation.enterMobileNumber(UserValidation.java:128)
	at com.bridgelab.junituservalidation.UserValidation.enterMobileNumber(UserValidation.java:128)
	at com.bridgelab.junituservalidation.UserValidation.enterMobileNumber(UserValidation.java:128)
	at com.bridgelab.junituservalidation.UserValidation.enterMobileNumber(UserValidation.java:128)
	at com.bridgelab.junituservalidation.UserValidation.enterMobileNumber(UserValidation.java:128)
	at com.bridgelab.junituservalidation.UserValidation.enterMobileNumber(UserValidation.java:128)
	at com.bridgelab.junituservalidation.UserValidation.enterMobileNumber(UserValidation.java:128)
	at com.bridgelab.junituservalidation.UserValidation.enterMobileNumber(UserValidation.java:128)
	at com.bridgelab.junituservalidation.UserValidation.enterMobileNumber(UserValidation.java:128)
	at com.bridgelab.junituservalidation.UserValidation.enterMobileNumber(UserValidation.java:128)
	at com.bridgelab.junituservalidation.UserValidation.enterMobileNumber(UserValidation.java:128)
	at com.bridgelab.junituservalidation.UserValidation.enterMobileNumber(UserValidation.java:128)
	at com.bridgelab.junituservalidation.UserValidation.enterMobileNumber(UserValidation.java:128)
	at com.bridgelab.junituservalidation.UserValidation.enterMobileNumber(UserValidation.java:128)
	at com.bridgelab.junituservalidation.UserValidation.enterMobileNumber(UserValidation.java:128)
	at com.bridgelab.junituservalidation.UserValidation.enterMobileNumber(UserValidation.java:128)
	at com.bridgelab.junituservalidation.UserValidation.enterMobileNumber(UserValidation.java:128)
	at com.bridgelab.junituservalidation.UserValidation.enterMobileNumber(UserValidation.java:128)
	at com.bridgelab.junituservalidation.UserValidation.enterMobileNumber(UserValidation.java:128)
	at com.bridgelab.junituservalidation.UserValidation.enterMobileNumber(UserValidation.java:128)
	at com.bridgelab.junituservalidation.UserValidation.enterMobileNumber(UserValidation.java:128)
	at com.bridgelab.junituservalidation.UserValidation.enterMobileNumber(UserValidation.java:128)
	at com.bridgelab.junituservalidation.UserValidation.enterMobileNumber(UserValidation.java:128)
	at com.bridgelab.junituservalidation.UserValidation.enterMobileNumber(UserValidation.java:128)
	at com.bridgelab.junituservalidation.UserValidation.enterMobileNumber(UserValidation.java:128)
	at com.bridgelab.junituservalidation.UserValidation.enterMobileNumber(UserValidation.java:128)
	at com.bridgelab.junituservalidation.UserValidation.enterMobileNumber(UserValidation.java:128)
	at com.bridgelab.junituservalidation.UserValidation.enterMobileNumber(UserValidation.java:128)
	at com.bridgelab.junituservalidation.UserValidation.enterMobileNumber(UserValidation.java:128)
	at com.bridgelab.junituservalidation.UserValidation.enterMobileNumber(UserValidation.java:128)
	at com.bridgelab.junituservalidation.UserValidation.enterMobileNumber(UserValidation.java:128)
	at com.bridgelab.junituservalidation.UserValidation.enterMobileNumber(UserValidation.java:128)
	at com.bridgelab.junituservalidation.UserValidation.enterMobileNumber(UserValidation.java:128)
	at com.bridgelab.junituservalidation.UserValidation.enterMobileNumber(UserValidation.java:128)
	at com.bridgelab.junituservalidation.UserValidation.enterMobileNumber(UserValidation.java:128)
	at com.bridgelab.junituservalidation.UserValidation.enterMobileNumber(UserValidation.java:128)
	at com.bridgelab.junituservalidation.UserValidation.enterMobileNumber(UserValidation.java:128)
	at com.bridgelab.junituservalidation.UserValidation.enterMobileNumber(UserValidation.java:128)
	at com.bridgelab.junituservalidation.UserValidation.enterMobileNumber(UserValidation.java:128)
	at com.bridgelab.junituservalidation.UserValidation.enterMobileNumber(UserValidation.java:128)
	at com.bridgelab.junituservalidation.UserValidation.enterMobileNumber(UserValidation.java:128)
	at com.bridgelab.junituservalidation.UserValidation.enterMobileNumber(UserValidation.java:128)
	at com.bridgelab.junituservalidation.UserValidation.enterMobileNumber(UserValidation.java:128)
	at com.bridgelab.junituservalidation.UserValidation.enterMobileNumber(UserValidation.java:128)
	at com.bridgelab.junituservalidation.UserValidation.enterMobileNumber(UserValidation.java:128)
	at com.bridgelab.junituservalidation.UserValidation.enterMobileNumber(UserValidation.java:128)
	at com.bridgelab.junituservalidation.UserValidation.enterMobileNumber(UserValidation.java:128)
	at com.bridgelab.junituservalidation.UserValidation.enterMobileNumber(UserValidation.java:128)
	at com.bridgelab.junituservalidation.UserValidation.enterMobileNumber(UserValidation.java:128)
	at com.bridgelab.junituservalidation.UserValidation.enterMobileNumber(UserValidation.java:128)
	at com.bridgelab.junituservalidation.UserValidation.enterMobileNumber(UserValidation.java:128)
	at com.bridgelab.junituservalidation.UserValidation.enterMobileNumber(UserValidation.java:128)
	at com.bridgelab.junituservalidation.UserValidation.enterMobileNumber(UserValidation.java:128)
	at com.bridgelab.junituservalidation.UserValidation.enterMobileNumber(UserValidation.java:128)
	at com.bridgelab.junituservalidation.UserValidation.enterMobileNumber(UserValidation.java:128)
	at com.bridgelab.junituservalidation.UserValidation.enterMobileNumber(UserValidation.java:128)
	at com.bridgelab.junituservalidation.UserValidation.enterMobileNumber(UserValidation.java:128)
	at com.bridgelab.junituservalidation.UserValidation.enterMobileNumber(UserValidation.java:128)
	at com.bridgelab.junituservalidation.UserValidation.enterMobileNumber(UserValidation.java:128)
	at com.bridgelab.junituservalidation.UserValidation.enterMobileNumber(UserValidation.java:128)
	at com.bridgelab.junituservalidation.UserValidation.enterMobileNumber(UserValidation.java:128)
	at com.bridgelab.junituservalidation.UserValidation.enterMobileNumber(UserValidation.java:128)
	at com.bridgelab.junituservalidation.UserValidation.enterMobileNumber(UserValidation.java:128)
	at com.bridgelab.junituservalidation.UserValidation.enterMobileNumber(UserValidation.java:128)
	at com.bridgelab.junituservalidation.UserValidation.enterMobileNumber(UserValidation.java:128)
	at com.bridgelab.junituservalidation.UserValidation.enterMobileNumber(UserValidation.java:128)
	at com.bridgelab.junituservalidation.UserValidation.enterMobileNumber(UserValidation.java:128)
	at com.bridgelab.junituservalidation.UserValidation.enterMobileNumber(UserValidation.java:128)
	at com.bridgelab.junituservalidation.UserValidation.enterMobileNumber(UserValidation.java:128)
	at com.bridgelab.junituservalidation.UserValidation.enterMobileNumber(UserValidation.java:128)
	at com.bridgelab.junituservalidation.UserValidation.enterMobileNumber(UserValidation.java:128)
	at com.bridgelab.junituservalidation.UserValidation.enterMobileNumber(UserValidation.java:128)
	at com.bridgelab.junituservalidation.UserValidation.enterMobileNumber(UserValidation.java:128)
	at com.bridgelab.junituservalidation.UserValidation.enterMobileNumber(UserValidation.java:128)
	at com.bridgelab.junituservalidation.UserValidation.enterMobileNumber(UserValidation.java:128)
	at com.bridgelab.junituservalidation.UserValidation.enterMobileNumber(UserValidation.java:128)
	at com.bridgelab.junituservalidation.UserValidation.enterMobileNumber(UserValidation.java:128)
	at com.bridgelab.junituservalidation.UserValidation.enterMobileNumber(UserValidation.java:128)
	at com.bridgelab.junituservalidation.UserValidation.enterMobileNumber(UserValidation.java:128)
	at com.bridgelab.junituservalidation.UserValidation.enterMobileNumber(UserValidation.java:128)
	at com.bridgelab.junituservalidation.UserValidation.enterMobileNumber(UserValidation.java:128)
	at com.bridgelab.junituservalidation.UserValidation.enterMobileNumber(UserValidation.java:128)
	at com.bridgelab.junituservalidation.UserValidation.enterMobileNumber(UserValidation.java:128)
	at com.bridgelab.junituservalidation.UserValidation.enterMobileNumber(UserValidation.java:128)
	at com.bridgelab.junituservalidation.UserValidation.enterMobileNumber(UserValidation.java:128)
	at com.bridgelab.junituservalidation.UserValidation.enterMobileNumber(UserValidation.java:128)
	at com.bridgelab.junituservalidation.UserValidation.enterMobileNumber(UserValidation.java:128)
	at com.bridgelab.junituservalidation.UserValidation.enterMobileNumber(UserValidation.java:128)
	at com.bridgelab.junituservalidation.UserValidation.enterMobileNumber(UserValidation.java:128)
	at com.bridgelab.junituservalidation.UserValidation.enterMobileNumber(UserValidation.java:128)
	at com.bridgelab.junituservalidation.UserValidation.enterMobileNumber(UserValidation.java:128)
	at com.bridgelab.junituservalidation.UserValidation.enterMobileNumber(UserValidation.java:128)
	at com.bridgelab.junituservalidation.UserValidation.enterMobileNumber(UserValidation.java:128)
	at com.bridgelab.junituservalidation.UserValidation.enterMobileNumber(UserValidation.java:128)
	at com.bridgelab.junituservalidation.UserValidation.enterMobileNumber(UserValidation.java:128)
	at com.bridgelab.junituservalidation.UserValidation.enterMobileNumber(UserValidation.java:128)
	at com.bridgelab.junituservalidation.UserValidation.enterMobileNumber(UserValidation.java:128)
	at com.bridgelab.junituservalidation.UserValidation.enterMobileNumber(UserValidation.java:128)
	at com.bridgelab.junituservalidation.UserValidation.enterMobileNumber(UserValidation.java:128)
	at com.bridgelab.junituservalidation.UserValidation.enterMobileNumber(UserValidation.java:128)
	at com.bridgelab.junituservalidation.UserValidation.enterMobileNumber(UserValidation.java:128)
	at com.bridgelab.junituservalidation.UserValidation.enterMobileNumber(UserValidation.java:128)
	at com.bridgelab.junituservalidation.UserValidation.enterMobileNumber(UserValidation.java:128)
	at com.bridgelab.junituservalidation.UserValidation.enterMobileNumber(UserValidation.java:128)
	at com.bridgelab.junituservalidation.UserValidation.enterMobileNumber(UserValidation.java:128)
	at com.bridgelab.junituservalidation.UserValidation.enterMobileNumber(UserValidation.java:128)
	at com.bridgelab.junituservalidation.UserValidation.enterMobileNumber(UserValidation.java:128)
	at com.bridgelab.junituservalidation.UserValidation.enterMobileNumber(UserValidation.java:128)
	at com.bridgelab.junituservalidation.UserValidation.enterMobileNumber(UserValidation.java:128)
	at com.bridgelab.junituservalidation.UserValidation.enterMobileNumber(UserValidation.java:128)
	at com.bridgelab.junituservalidation.UserValidation.enterMobileNumber(UserValidation.java:128)
	at com.bridgelab.junituservalidation.UserValidation.enterMobileNumber(UserValidation.java:128)
	at com.bridgelab.junituservalidation.UserValidation.enterMobileNumber(UserValidation.java:128)
[...]
Wrong Input : Country code followed by space and 10 digit number :
Wrong Input : Country code followed by space and 10 digit number :
Wrong Input : Country code followed by space and 10 digit number :
Wrong Input : Country code followed by space and 10 digit number :
Wrong Input : Country code followed by space and 10 digit number :
Wrong Input : Country code followed by space and 10 digit number :
Wrong Input : Country code followed by space and 10 digit number :
Wrong Input : Country code followed by space and 10 digit number :
Wrong Input : Country code followed by space and 10 digit number :
Wrong Input : Country code followed by space and 10 digit number :
Wrong Input : Country code followed by space and 10 digit number :
Wrong Input : Country code followed by space and 10 digit number :
Wrong Input : Country code followed by space and 10 digit number :
Wrong Input : Country code followed by space and 10 digit number :
Wrong Input : Country code followed by space and 10 digit number :
Wrong Input : Country code followed by space and 10 digit number :
Wrong Input : Country code followed by space and 10 digit number :
Wrong Input : Country code followed by space and 10 digit number :
Wrong Input : Country code followed by space and 10 digit number :
Wrong Input : Country code followed by space and 10 digit number :
Wrong Input : Country code followed by space and 10 digit number :
Wrong Input : Country code followed by space and 10 digit number :
Wrong Input : Country code followed by space and 10 digit number :
Wrong Input : Country code followed by space and 10 digit number :
Wrong Input : Country code followed by space and 10 digit number :
Wrong Input : Country code followed by space and 10 digit number :
Wrong Input : Country code followed by space and 10 digit number :
Wrong Input : Country code followed by space and 10 digit number :
Wrong Input : Country code followed by space and 10 digit number :
Wrong Input : Country code followed by space and 10 digit number :
Wrong Input : Country code followed by space and 10 digit number :
Wrong Input : Country code followed by space and 10 digit number :
Wrong Input : Country code followed by space and 10 digit number :
Wrong Input : Country code followed by space and 10 digit number :
Wrong Input : Country code followed by space and 10 digit number :
Wrong Input : Country code followed by space and 10 digit number :
Wrong Input : Country code followed by space and 10 digit number :
Wrong Input : Country code followed by space and 10 digit number :
Wrong Input : Country code followed by space and 10 digit number :
Wrong Input : Country code followed by space and 10 digit number :
Wrong Input : Country code followed by space and 10 digit number :
Wrong Input : Country code followed by space and 10 digit number :
Wrong Input : Country code followed by space and 10 digit number :
Wrong Input : Country code followed by space and 10 digit number :
Wrong Input : Country code followed by space and 10 digit number :
Wrong Input : Country code followed by space and 10 digit number :
Wrong Input : Country code followed by space and 10 digit number :
Wrong Input : Country code followed by space and 10 digit number :
Wrong Input : Country code followed by space and 10 digit number :
Wrong Input : Country code followed by space and 10 digit number :
Wrong Input : Country code followed by space and 10 digit number :
Wrong Input : Country code followed by space and 10 digit number :
Wrong Input : Country code followed by space and 10 digit number :
Wrong Input : Country code followed by space and 10 digit number :
Wrong Input : Country code followed by space and 10 digit number :
Wrong Input : Country code followed by space and 10 digit number :
Wrong Input : Country code followed by space and 10 digit number :
Wrong Input : Country code followed by space and 10 digit number :
Wrong Input : Country code followed by space and 10 digit number :
Wrong Input : Country code followed by space and 10 digit number :
Wrong Input : Country code followed by space and 10 digit number :
Wrong Input : Country code followed by space and 10 digit number :
Wrong Input : Country code followed by space and 10 digit number :
Wrong Input : Country code followed by space and 10 digit number :
Wrong Input : Country code followed by space and 10 digit number :
Wrong Input : Country code followed by space and 10 digit number :
Wrong Input : Country code followed by space and 10 digit number :
Wrong Input : Country code followed by space and 10 digit number :
Wrong Input : Country code followed by space and 10 digit number :
Wrong Input : Country code followed by space and 10 digit number :
Wrong Input : Country code followed by space and 10 digit number :
Wrong Input : Country code followed by space and 10 digit number :
Wrong Input : Country code followed by space and 10 digit number :
Wrong Input : Country code followed by space and 10 digit number :
Wrong Input : Country code followed by space and 10 digit number :
Wrong Input : Country code followed by space and 10 digit number :
Wrong Input : Country code followed by space and 10 digit number :
Wrong Input : Country code followed by space and 10 digit number :
Wrong Input : Country code followed by space and 10 digit number :
Wrong Input : Country code followed by space and 10 digit number :
Wrong Input : Country code followed by space and 10 digit number :
Wrong Input : Country code followed by space and 10 digit number :
Wrong Input : Country code followed by space and 10 digit number :
Wrong Input : Country code followed by space and 10 digit number :
Wrong Input : Country code followed by space and 10 digit number :
Wrong Input : Country code followed by space and 10 digit number :
Wrong Input : Country code followed by space and 10 digit number :
Wrong Input : Country code followed by space and 10 digit number :
Wrong Input : Country code followed by space and 10 digit number :
Wrong Input : Country code followed by space and 10 digit number :
Wrong Input : Country code followed by space and 10 digit number :
Wrong Input : Country code followed by space and 10 digit number :
Wrong Input : Country code followed by space and 10 digit number :
Wrong Input : Country code followed by space and 10 digit number :
Wrong Input : Country code followed by space and 10 digit number :
Wrong Input : Country code followed by space and 10 digit number :
Wrong Input : Country code followed by space and 10 digit number :
Wrong Input : Country code followed by space and 10 digit number :
Wrong Input : Country code followed by space and 10 digit number :
Wrong Input : Country code followed by space and 10 digit number :
Wrong Input : Country code followed by space and 10 digit number :
Wrong Input : Country code followed by space and 10 digit number :
Wrong Input : Country code followed by space and 10 digit number :
Wrong Input : Country code followed by space and 10 digit number :
Wrong Input : Country code followed by space and 10 digit number :
Wrong Input : Country code followed by space and 10 digit number :
Wrong Input : Country code followed by space and 10 digit number :
Wrong Input : Country code followed by space and 10 digit number :
Wrong Input : Country code followed by space and 10 digit number :
Wrong Input : Country code followed by space and 10 digit number :
Wrong Input : Country code followed by space and 10 digit number :
Wrong Input : Country code followed by space and 10 digit number :
Wrong Input : Country code followed by space and 10 digit number :
Wrong Input : Country code followed by space and 10 digit number :
Wrong Input : Country code followed by space and 10 digit number :
Wrong Input : Country code followed by space and 10 digit number :
Wrong Input : Country code followed by space and 10 digit number :
Wrong Input : Country code followed by space and 10 digit number :
Wrong Input : Country code followed by space and 10 digit number :
Wrong Input : Country code followed by space and 10 digit number :
Wrong Input : Country code followed by space and 10 digit number :
Wrong Input : Country code followed by space and 10 digit number :
Wrong Input : Country code followed by space and 10 digit number :
Wrong Input : Country code followed by space and 10 digit number :
Wrong Input : Country code followed by space and 10 digit number :
Wrong Input : Country code followed by space and 10 digit number :
Wrong Input : Country code followed by space and 10 digit number :
Wrong Input : Country code followed by space and 10 digit number :
Wrong Input : Country code followed by space and 10 digit number :
Wrong Input : Country code followed by space and 10 digit number :
Wrong Input : Country code followed by space and 10 digit number :
Wrong Input : Country code followed by space and 10 digit number :
Wrong Input : Country code followed by space and 10 digit number :
Wrong Input : Country code followed by space and 10 digit number :
Wrong Input : Country code followed by space and 10 digit number :
Wrong Input : Country code followed by space and 10 digit number :
Wrong Input : Country code followed by space and 10 digit number :
Wrong Input : Country code followed by space and 10 digit number :
Wrong Input : Country code followed by space and 10 digit number :
Wrong Input : Country code followed by space and 10 digit number :
Wrong Input : Country code followed by space and 10 digit number :
Wrong Input : Country code followed by space and 10 digit number :
Wrong Input : Country code followed by space and 10 digit number :
Wrong Input : Country code followed by space and 10 digit number :
Wrong Input : Country code followed by space and 10 digit number :
Wrong Input : Country code followed by space and 10 digit number :
Wrong Input : Country code followed by space and 10 digit number :
Wrong Input : Country code followed by space and 10 digit number :
Wrong Input : Country code followed by space and 10 digit number :
Wrong Input : Country code followed by space and 10 digit number :
Wrong Input : Country code followed by space and 10 digit number :
Wrong Input : Country code followed by space and 10 digit number :
Wrong Input : Country code followed by space and 10 digit number :
Wrong Input : Country code followed by space and 10 digit number :
Wrong Input : Country code followed by space and 10 digit number :
Wrong Input : Country code followed by space and 10 digit number :
Wrong Input : Country code followed by space and 10 digit number :
Wrong Input : Country code followed by space and 10 digit number :
Wrong Input : Country code followed by space and 10 digit number :
Wrong Input : Country code followed by space and 10 digit number :
Wrong Input : Country code followed by space and 10 digit number :
Wrong Input : Country code followed by space and 10 digit number :
Wrong Input : Country code followed by space and 10 digit number :
Wrong Input : Country code followed by space and 10 digit number :
Wrong Input : Country code followed by space and 10 digit number :
Wrong Input : Country code followed by space and 10 digit number :
Wrong Input : Country code followed by space and 10 digit number :
Wrong Input : Country code followed by space and 10 digit number :
Wrong Input : Country code followed by space and 10 digit number :
Wrong Input : Country code followed by space and 10 digit number :
Wrong Input : Country code followed by space and 10 digit number :
Wrong Input : Country code followed by space and 10 digit number :
Wrong Input : Country code followed by space and 10 digit number :
Wrong Input : Country code followed by space and 10 digit number :
Wrong Input : Country code followed by space and 10 digit number :
Wrong Input : Country code followed by space and 10 digit number :
Wrong Input : Country code followed by space and 10 digit number :
Wrong Input : Country code followed by space and 10 digit number :
Wrong Input : Country code followed by space and 10 digit number :
Wrong Input : Country code followed by space and 10 digit number :
Wrong Input : Country code followed by space and 10 digit number :
Wrong Input : Country code followed by space and 10 digit number :
Wrong Input : Country code followed by space and 10 digit number :
Wrong Input : Country code followed by space and 10 digit number :
Wrong Input : Country code followed by space and 10 digit number :
Wrong Input : Country code followed by space and 10 digit number :
Wrong Input : Country code followed by space and 10 digit number :
Wrong Input : Country code followed by space and 10 digit number :
Wrong Input : Country code followed by space and 10 digit number :
Wrong Input : Country code followed by space and 10 digit number :
Wrong Input : Country code followed by space and 10 digit number :
Wrong Input : Country code followed by space and 10 digit number :
Wrong Input : Country code followed by space and 10 digit number :
Wrong Input : Country code followed by space and 10 digit number :
Wrong Input : Country code followed by space and 10 digit number :
Wrong Input : Country code followed by space and 10 digit number :
Wrong Input : Country code followed by space and 10 digit number :
Wrong Input : Country code followed by space and 10 digit number :
Wrong Input : Country code followed by space and 10 digit number :
Wrong Input : Country code followed by space and 10 digit number :
Wrong Input : Country code followed by space and 10 digit number :
Wrong Input : Country code followed by space and 10 digit number :
Wrong Input : Country code followed by space and 10 digit number :
Wrong Input : Country code followed by space and 10 digit number :
Wrong Input : Country code followed by space and 10 digit number :
Wrong Input : Country code followed by space and 10 digit number :
Wrong Input : Country code followed by space and 10 digit number :
Wrong Input : Country code followed by space and 10 digit number :
Wrong Input : Country code followed by space and 10 digit number :
Wrong Input : Country code followed by space and 10 digit number :
Wrong Input : Country code followed by space and 10 digit number :
Wrong Input : Country code followed by space and 10 digit number :
Wrong Input : Country code followed by space and 10 digit number :
Wrong Input : Country code followed by space and 10 digit number :
Wrong Input : Country code followed by space and 10 digit number :
Wrong Input : Country code followed by space and 10 digit number :
Wrong Input : Country code followed by space and 10 digit number :
Wrong Input : Country code followed by space and 10 digit number :
Wrong Input : Country code followed by space and 10 digit number :
Wrong Input : Country code followed by space and 10 digit number :
Wrong Input : Country code followed by space and 10 digit number :
Wrong Input : Country code followed by space and 10 digit number :
Wrong Input : Country code followed by space and 10 digit number :
Wrong Input : Country code followed by space and 10 digit number :
Wrong Input : Country code followed by space and 10 digit number :
Wrong Input : Country code followed by space and 10 digit number :
Wrong Input : Country code followed by space and 10 digit number :
Wrong Input : Country code followed by space and 10 digit number :
Wrong Input : Country code followed by space and 10 digit number :
Wrong Input : Country code followed by space and 10 digit number :
Wrong Input : Country code followed by space and 10 digit number :
Wrong Input : Country code followed by space and 10 digit number :
Wrong Input : Country code followed by space and 10 digit number :
Wrong Input : Country code followed by space and 10 digit number :
Wrong Input : Country code followed by space and 10 digit number :
Wrong Input : Country code followed by space and 10 digit number :
Wrong Input : Country code followed by space and 10 digit number :
Wrong Input : Country code followed by space and 10 digit number :
Wrong Input : Country code followed by space and 10 digit number :
Wrong Input : Country code followed by space and 10 digit number :
Wrong Input : Country code followed by space and 10 digit number :
Wrong Input : Country code followed by space and 10 digit number :
Wrong Input : Country code followed by space and 10 digit number :
Wrong Input : Country code followed by space and 10 digit number :
Wrong Input : Country code followed by space and 10 digit number :
Wrong Input : Country code followed by space and 10 digit number :
Wrong Input : Country code followed by space and 10 digit number :
Wrong Input : Country code followed by space and 10 digit number :
Wrong Input : Country code followed by space and 10 digit number :
Wrong Input : Country code followed by space and 10 digit number :
Wrong Input : Country code followed by space and 10 digit number :
Wrong Input : Country code followed by space and 10 digit number :
Wrong Input : Country code followed by space and 10 digit number :
Wrong Input : Country code followed by space and 10 digit number :
Wrong Input : Country code followed by space and 10 digit number :
Wrong Input : Country code followed by space and 10 digit number :
Wrong Input : Country code followed by space and 10 digit number :
Wrong Input : Country code followed by space and 10 digit number :
Wrong Input : Country code followed by space and 10 digit number :
Wrong Input : Country code followed by space and 10 digit number :
Wrong Input : Country code followed by space and 10 digit number :
Wrong Input : Country code followed by space and 10 digit number :
Wrong Input : Country code followed by space and 10 digit number :
Wrong Input : Country code followed by space and 10 digit number :
Wrong Input : Country code followed by space and 10 digit number :
Wrong Input : Country code followed by space and 10 digit number :
Wrong Input : Country code followed by space and 10 digit number :
Wrong Input : Country code followed by space and 10 digit number :
Wrong Input : Country code followed by space and 10 digit number :
Wrong Input : Country code followed by space and 10 digit number :
Wrong Input : Country code followed by space and 10 digit number :
Wrong Input : Country code followed by space and 10 digit number :
Wrong Input : Country code followed by space and 10 digit number :
Wrong Input : Country code followed by space and 10 digit number :
Wrong Input : Country code followed by space and 10 digit number :
Wrong Input : Country code followed by space and 10 digit number :
Wrong Input : Country code followed by space and 10 digit number :
Wrong Input : Country code followed by space and 10 digit number :
Wrong Input : Country code followed by space and 10 digit number :
Wrong Input : Country code followed by space and 10 digit number :
Wrong Input : Country code followed by space and 10 digit number :
Wrong Input : Country code followed by space and 10 digit number :
Wrong Input : Country code followed by space and 10 digit number :
Wrong Input : Country code followed by space and 10 digit number :
Wrong Input : Country code followed by space and 10 digit number :
Wrong Input : Country code followed by space and 10 digit number :
Wrong Input : Country code followed by space and 10 digit number :
Wrong Input : Country code followed by space and 10 digit number :
Wrong Input : Country code followed by space and 10 digit number :
Wrong Input : Country code followed by space and 10 digit number :
Wrong Input : Country code followed by space and 10 digit number :
Wrong Input : Country code followed by space and 10 digit number :
Wrong Input : Country code followed by space and 10 digit number :
Wrong Input : Country code followed by space and 10 digit number :
Wrong Input : Country code followed by space and 10 digit number :
Wrong Input : Country code followed by space and 10 digit number :
Wrong Input : Country code followed by space and 10 digit number :
Wrong Input : Country code followed by space and 10 digit number :
]]></system-err>
</testsuite>
